[1 of 54] GL
Saved: /home/qcx201/Projects/daytrade/data/chart/chart-gl.json
Saved: /home/qcx201/Projects/daytrade/data/summary/summary-gl.json
now: 2025-04-23 23:23:10.962361 | eta: 0:02:24.359068 | delta: 0:00:02.723756 | avg: 0:00:02.723756
[2 of 54] TAP
Saved: /home/qcx201/Projects/daytrade/data/chart/chart-tap.json
Saved: /home/qcx201/Projects/daytrade/data/summary/summary-tap.json
now: 2025-04-23 23:23:13.684736 | eta: 0:02:21.599432 | delta: 0:00:05.446131 | avg: 0:00:02.723066
[3 of 54] ERIE
Saved: /home/qcx201/Projects/daytrade/data/chart/chart-erie.json
Saved: /home/qcx201/Projects/daytrade/data/summary/summary-erie.json
now: 2025-04-23 23:23:16.028684 | eta: 0:02:12.431343 | delta: 0:00:07.790079 | avg: 0:00:02.596693
[4 of 54] KMX
Saved: /home/qcx201/Projects/daytrade/data/chart/chart-kmx.json
Saved: /home/qcx201/Projects/daytrade/data/summary/summary-kmx.json
now: 2025-04-23 23:23:18.378509 | eta: 0:02:06.748800 | delta: 0:00:10.139904 | avg: 0:00:02.534976
[5 of 54] PAYC
Saved: /home/qcx201/Projects/daytrade/data/chart/chart-payc.json
Saved: /home/qcx201/Projects/daytrade/data/summary/summary-payc.json
now: 2025-04-23 23:23:20.372280 | eta: 0:01:58.910015 | delta: 0:00:12.133675 | avg: 0:00:02.426735
[6 of 54] NDSN
Saved: /home/qcx201/Projects/daytrade/data/chart/chart-ndsn.json
Saved: /home/qcx201/Projects/daytrade/data/summary/summary-ndsn.json
now: 2025-04-23 23:23:22.932143 | eta: 0:01:57.548304 | delta: 0:00:14.693538 | avg: 0:00:02.448923
[7 of 54] NWSA
Saved: /home/qcx201/Projects/daytrade/data/chart/chart-nwsa.json
Saved: /home/qcx201/Projects/daytrade/data/summary/summary-nwsa.json
now: 2025-04-23 23:23:24.932070 | eta: 0:01:52.084707 | delta: 0:00:16.693465 | avg: 0:00:02.384781
[8 of 54] TKO
Saved: /home/qcx201/Projects/daytrade/data/chart/chart-tko.json
Saved: /home/qcx201/Projects/daytrade/data/summary/summary-tko.json
now: 2025-04-23 23:23:27.134827 | eta: 0:01:48.653288 | delta: 0:00:18.896222 | avg: 0:00:02.362028
[9 of 54] AIZ
Saved: /home/qcx201/Projects/daytrade/data/chart/chart-aiz.json
Saved: /home/qcx201/Projects/daytrade/data/summary/summary-aiz.json
now: 2025-04-23 23:23:29.541202 | eta: 0:01:46.512975 | delta: 0:00:21.302597 | avg: 0:00:02.366955
[10 of 54] HST
Saved: /home/qcx201/Projects/daytrade/data/chart/chart-hst.json
Saved: /home/qcx201/Projects/daytrade/data/summary/summary-hst.json
now: 2025-04-23 23:23:32.239439 | eta: 0:01:45.603652 | delta: 0:00:24.000834 | avg: 0:00:02.400083
[11 of 54] UHS
Saved: /home/qcx201/Projects/daytrade/data/chart/chart-uhs.json
Saved: /home/qcx201/Projects/daytrade/data/summary/summary-uhs.json
now: 2025-04-23 23:23:34.598339 | eta: 0:01:43.042577 | delta: 0:00:26.359734 | avg: 0:00:02.396339
[12 of 54] BXP
Saved: /home/qcx201/Projects/daytrade/data/chart/chart-bxp.json
Saved: /home/qcx201/Projects/daytrade/data/summary/summary-bxp.json
now: 2025-04-23 23:23:36.981064 | eta: 0:01:40.598610 | delta: 0:00:28.742459 | avg: 0:00:02.395205
[13 of 54] SWKS
Saved: /home/qcx201/Projects/daytrade/data/chart/chart-swks.json
Saved: /home/qcx201/Projects/daytrade/data/summary/summary-swks.json
now: 2025-04-23 23:23:39.332678 | eta: 0:01:38.065932 | delta: 0:00:31.094073 | avg: 0:00:02.391852
[14 of 54] VTRS
Saved: /home/qcx201/Projects/daytrade/data/chart/chart-vtrs.json
Saved: /home/qcx201/Projects/daytrade/data/summary/summary-vtrs.json
now: 2025-04-23 23:23:42.057726 | eta: 0:01:36.626080 | delta: 0:00:33.819121 | avg: 0:00:02.415652
[15 of 54] INCY
Saved: /home/qcx201/Projects/daytrade/data/chart/chart-incy.json
Saved: /home/qcx201/Projects/daytrade/data/summary/summary-incy.json
now: 2025-04-23 23:23:44.293271 | eta: 0:01:33.742116 | delta: 0:00:36.054666 | avg: 0:00:02.403644
[16 of 54] EMN
Saved: /home/qcx201/Projects/daytrade/data/chart/chart-emn.json
Saved: /home/qcx201/Projects/daytrade/data/summary/summary-emn.json
now: 2025-04-23 23:23:46.966467 | eta: 0:01:31.978658 | delta: 0:00:38.727862 | avg: 0:00:02.420491
[17 of 54] SWK
Saved: /home/qcx201/Projects/daytrade/data/chart/chart-swk.json
Saved: /home/qcx201/Projects/daytrade/data/summary/summary-swk.json
now: 2025-04-23 23:23:49.661221 | eta: 0:01:30.155088 | delta: 0:00:41.422616 | avg: 0:00:02.436624
[18 of 54] SOLV
Saved: /home/qcx201/Projects/daytrade/data/chart/chart-solv.json
Saved: /home/qcx201/Projects/daytrade/data/summary/summary-solv.json
now: 2025-04-23 23:23:51.378290 | eta: 0:01:26.279364 | delta: 0:00:43.139685 | avg: 0:00:02.396649
[19 of 54] HRL
Saved: /home/qcx201/Projects/daytrade/data/chart/chart-hrl.json
Saved: /home/qcx201/Projects/daytrade/data/summary/summary-hrl.json
now: 2025-04-23 23:23:54.144846 | eta: 0:01:24.564130 | delta: 0:00:45.906241 | avg: 0:00:02.416118
[20 of 54] IPG
Saved: /home/qcx201/Projects/daytrade/data/chart/chart-ipg.json
Saved: /home/qcx201/Projects/daytrade/data/summary/summary-ipg.json
now: 2025-04-23 23:23:57.099014 | eta: 0:01:23.062680 | delta: 0:00:48.860409 | avg: 0:00:02.443020
[21 of 54] MOS
Saved: /home/qcx201/Projects/daytrade/data/chart/chart-mos.json
Saved: /home/qcx201/Projects/daytrade/data/summary/summary-mos.json
now: 2025-04-23 23:23:59.748582 | eta: 0:01:20.944248 | delta: 0:00:51.509977 | avg: 0:00:02.452856
[22 of 54] MRNA
Saved: /home/qcx201/Projects/daytrade/data/chart/chart-mrna.json
Saved: /home/qcx201/Projects/daytrade/data/summary/summary-mrna.json
now: 2025-04-23 23:24:01.685046 | eta: 0:01:17.740288 | delta: 0:00:53.446441 | avg: 0:00:02.429384
[23 of 54] HII
Saved: /home/qcx201/Projects/daytrade/data/chart/chart-hii.json
Saved: /home/qcx201/Projects/daytrade/data/summary/summary-hii.json
now: 2025-04-23 23:24:03.877166 | eta: 0:01:14.991108 | delta: 0:00:55.638561 | avg: 0:00:02.419068
[24 of 54] DAY
Saved: /home/qcx201/Projects/daytrade/data/chart/chart-day.json
Saved: /home/qcx201/Projects/daytrade/data/summary/summary-day.json
now: 2025-04-23 23:24:05.771368 | eta: 0:01:11.915940 | delta: 0:00:57.532763 | avg: 0:00:02.397198
[25 of 54] RL
Saved: /home/qcx201/Projects/daytrade/data/chart/chart-rl.json
Saved: /home/qcx201/Projects/daytrade/data/summary/summary-rl.json
now: 2025-04-23 23:24:08.274518 | eta: 0:01:09.641673 | delta: 0:01:00.035913 | avg: 0:00:02.401437
[26 of 54] MKTX
Saved: /home/qcx201/Projects/daytrade/data/chart/chart-mktx.json
Saved: /home/qcx201/Projects/daytrade/data/summary/summary-mktx.json
now: 2025-04-23 23:24:10.582959 | eta: 0:01:07.140080 | delta: 0:01:02.344354 | avg: 0:00:02.397860
[27 of 54] EPAM
Saved: /home/qcx201/Projects/daytrade/data/chart/chart-epam.json
Saved: /home/qcx201/Projects/daytrade/data/summary/summary-epam.json
now: 2025-04-23 23:24:12.451177 | eta: 0:01:04.212561 | delta: 0:01:04.212572 | avg: 0:00:02.378243
[28 of 54] HSIC
Saved: /home/qcx201/Projects/daytrade/data/chart/chart-hsic.json
Saved: /home/qcx201/Projects/daytrade/data/summary/summary-hsic.json
now: 2025-04-23 23:24:14.469115 | eta: 0:01:01.499750 | delta: 0:01:06.230510 | avg: 0:00:02.365375
[29 of 54] WBA
Saved: /home/qcx201/Projects/daytrade/data/chart/chart-wba.json
Saved: /home/qcx201/Projects/daytrade/data/summary/summary-wba.json
now: 2025-04-23 23:24:17.073299 | eta: 0:00:59.340250 | delta: 0:01:08.834694 | avg: 0:00:02.373610
[30 of 54] TECH
Saved: /home/qcx201/Projects/daytrade/data/chart/chart-tech.json
Saved: /home/qcx201/Projects/daytrade/data/summary/summary-tech.json
now: 2025-04-23 23:24:19.590631 | eta: 0:00:57.081624 | delta: 0:01:11.352026 | avg: 0:00:02.378401
[31 of 54] AOS
Saved: /home/qcx201/Projects/daytrade/data/chart/chart-aos.json
Saved: /home/qcx201/Projects/daytrade/data/summary/summary-aos.json
now: 2025-04-23 23:24:22.007973 | eta: 0:00:54.732111 | delta: 0:01:13.769368 | avg: 0:00:02.379657
[32 of 54] LW
Saved: /home/qcx201/Projects/daytrade/data/chart/chart-lw.json
Saved: /home/qcx201/Projects/daytrade/data/summary/summary-lw.json
now: 2025-04-23 23:24:24.073893 | eta: 0:00:52.136766 | delta: 0:01:15.835288 | avg: 0:00:02.369853
[33 of 54] MTCH
Saved: /home/qcx201/Projects/daytrade/data/chart/chart-mtch.json
Saved: /home/qcx201/Projects/daytrade/data/summary/summary-mtch.json
now: 2025-04-23 23:24:26.422840 | eta: 0:00:49.753599 | delta: 0:01:18.184235 | avg: 0:00:02.369219
[34 of 54] CPB
Saved: /home/qcx201/Projects/daytrade/data/chart/chart-cpb.json
Saved: /home/qcx201/Projects/daytrade/data/summary/summary-cpb.json
now: 2025-04-23 23:24:29.123608 | eta: 0:00:47.579420 | delta: 0:01:20.885003 | avg: 0:00:02.378971
[35 of 54] NCLH
Saved: /home/qcx201/Projects/daytrade/data/chart/chart-nclh.json
Saved: /home/qcx201/Projects/daytrade/data/summary/summary-nclh.json
now: 2025-04-23 23:24:31.271404 | eta: 0:00:45.074954 | delta: 0:01:23.032799 | avg: 0:00:02.372366
[36 of 54] AES
Saved: /home/qcx201/Projects/daytrade/data/chart/chart-aes.json
Saved: /home/qcx201/Projects/daytrade/data/summary/summary-aes.json
now: 2025-04-23 23:24:33.987135 | eta: 0:00:42.874272 | delta: 0:01:25.748530 | avg: 0:00:02.381904
[37 of 54] FRT
Saved: /home/qcx201/Projects/daytrade/data/chart/chart-frt.json
Saved: /home/qcx201/Projects/daytrade/data/summary/summary-frt.json
now: 2025-04-23 23:24:36.361970 | eta: 0:00:40.489121 | delta: 0:01:28.123365 | avg: 0:00:02.381713
[38 of 54] ENPH
Saved: /home/qcx201/Projects/daytrade/data/chart/chart-enph.json
Saved: /home/qcx201/Projects/daytrade/data/summary/summary-enph.json
now: 2025-04-23 23:24:38.468095 | eta: 0:00:37.991360 | delta: 0:01:30.229490 | avg: 0:00:02.374460
[39 of 54] WYNN
Saved: /home/qcx201/Projects/daytrade/data/chart/chart-wynn.json
Saved: /home/qcx201/Projects/daytrade/data/summary/summary-wynn.json
now: 2025-04-23 23:24:40.989504 | eta: 0:00:35.673420 | delta: 0:01:32.750899 | avg: 0:00:02.378228
[40 of 54] MGM
Saved: /home/qcx201/Projects/daytrade/data/chart/chart-mgm.json
Saved: /home/qcx201/Projects/daytrade/data/summary/summary-mgm.json
now: 2025-04-23 23:24:43.560288 | eta: 0:00:33.362588 | delta: 0:01:35.321683 | avg: 0:00:02.383042
[41 of 54] HAS
Saved: /home/qcx201/Projects/daytrade/data/chart/chart-has.json
Saved: /home/qcx201/Projects/daytrade/data/summary/summary-has.json
now: 2025-04-23 23:24:46.326530 | eta: 0:00:31.101044 | delta: 0:01:38.087925 | avg: 0:00:02.392388
[42 of 54] GNRC
Saved: /home/qcx201/Projects/daytrade/data/chart/chart-gnrc.json
Saved: /home/qcx201/Projects/daytrade/data/summary/summary-gnrc.json
now: 2025-04-23 23:24:48.520537 | eta: 0:00:28.651980 | delta: 0:01:40.281932 | avg: 0:00:02.387665
[43 of 54] PARA
Saved: /home/qcx201/Projects/daytrade/data/chart/chart-para.json
Saved: /home/qcx201/Projects/daytrade/data/summary/summary-para.json
now: 2025-04-23 23:24:50.757184 | eta: 0:00:26.225683 | delta: 0:01:42.518579 | avg: 0:00:02.384153
[44 of 54] ALB
Saved: /home/qcx201/Projects/daytrade/data/chart/chart-alb.json
Saved: /home/qcx201/Projects/daytrade/data/summary/summary-alb.json
now: 2025-04-23 23:24:53.093013 | eta: 0:00:23.830550 | delta: 0:01:44.854408 | avg: 0:00:02.383055
[45 of 54] BF.B
[46 of 54] IVZ
Saved: /home/qcx201/Projects/daytrade/data/chart/chart-ivz.json
Saved: /home/qcx201/Projects/daytrade/data/summary/summary-ivz.json
now: 2025-04-23 23:24:56.459143 | eta: 0:00:18.820960 | delta: 0:01:48.220538 | avg: 0:00:02.352620
[47 of 54] DVA
Saved: /home/qcx201/Projects/daytrade/data/chart/chart-dva.json
Saved: /home/qcx201/Projects/daytrade/data/summary/summary-dva.json
now: 2025-04-23 23:24:58.702914 | eta: 0:00:16.452128 | delta: 0:01:50.464309 | avg: 0:00:02.350304
[48 of 54] FOX
Saved: /home/qcx201/Projects/daytrade/data/chart/chart-fox.json
Saved: /home/qcx201/Projects/daytrade/data/summary/summary-fox.json
now: 2025-04-23 23:25:01.778853 | eta: 0:00:14.192532 | delta: 0:01:53.540248 | avg: 0:00:02.365422
[49 of 54] APA
Saved: /home/qcx201/Projects/daytrade/data/chart/chart-apa.json
Saved: /home/qcx201/Projects/daytrade/data/summary/summary-apa.json
now: 2025-04-23 23:25:04.790729 | eta: 0:00:11.893075 | delta: 0:01:56.552124 | avg: 0:00:02.378615
[50 of 54] CZR
Saved: /home/qcx201/Projects/daytrade/data/chart/chart-czr.json
Saved: /home/qcx201/Projects/daytrade/data/summary/summary-czr.json
now: 2025-04-23 23:25:06.845712 | eta: 0:00:09.488568 | delta: 0:01:58.607107 | avg: 0:00:02.372142
[51 of 54] BEN
Saved: /home/qcx201/Projects/daytrade/data/chart/chart-ben.json
Saved: /home/qcx201/Projects/daytrade/data/summary/summary-ben.json
now: 2025-04-23 23:25:09.506275 | eta: 0:00:07.133391 | delta: 0:02:01.267670 | avg: 0:00:02.377797
[52 of 54] MHK
Saved: /home/qcx201/Projects/daytrade/data/chart/chart-mhk.json
Saved: /home/qcx201/Projects/daytrade/data/summary/summary-mhk.json
now: 2025-04-23 23:25:12.015833 | eta: 0:00:04.760662 | delta: 0:02:03.777228 | avg: 0:00:02.380331
[53 of 54] CRL
Saved: /home/qcx201/Projects/daytrade/data/chart/chart-crl.json
Saved: /home/qcx201/Projects/daytrade/data/summary/summary-crl.json
now: 2025-04-23 23:25:14.280679 | eta: 0:00:02.378152 | delta: 0:02:06.042074 | avg: 0:00:02.378152
[54 of 54] NWS
Saved: /home/qcx201/Projects/daytrade/data/chart/chart-nws.json
Saved: /home/qcx201/Projects/daytrade/data/summary/summary-nws.json
now: 2025-04-23 23:25:16.578349 | eta: 0:00:00 | delta: 0:02:08.339744 | avg: 0:00:02.376662
-- Complete --
