[1 of 50] PGR
Saved: /home/qcx201/Projects/daytrade/data/chart/chart-pgr.json
Saved: /home/qcx201/Projects/daytrade/data/summary/summary-pgr.json
now: 2025-04-23 23:23:10.555855 | eta: 0:02:16.628023 | delta: 0:00:02.788327 | avg: 0:00:02.788327
[2 of 50] QCOM
Saved: /home/qcx201/Projects/daytrade/data/chart/chart-qcom.json
Saved: /home/qcx201/Projects/daytrade/data/summary/summary-qcom.json
now: 2025-04-23 23:23:13.210912 | eta: 0:02:10.641216 | delta: 0:00:05.443384 | avg: 0:00:02.721692
[3 of 50] ADBE
Saved: /home/qcx201/Projects/daytrade/data/chart/chart-adbe.json
Saved: /home/qcx201/Projects/daytrade/data/summary/summary-adbe.json
now: 2025-04-23 23:23:15.349126 | eta: 0:01:58.778353 | delta: 0:00:07.581598 | avg: 0:00:02.527199
[4 of 50] BKNG
Saved: /home/qcx201/Projects/daytrade/data/chart/chart-bkng.json
Saved: /home/qcx201/Projects/daytrade/data/summary/summary-bkng.json
now: 2025-04-23 23:23:17.740267 | eta: 0:01:54.686510 | delta: 0:00:09.972739 | avg: 0:00:02.493185
[5 of 50] RTX
Saved: /home/qcx201/Projects/daytrade/data/chart/chart-rtx.json
Saved: /home/qcx201/Projects/daytrade/data/summary/summary-rtx.json
now: 2025-04-23 23:23:20.904910 | eta: 0:01:58.236420 | delta: 0:00:13.137382 | avg: 0:00:02.627476
[6 of 50] AMGN
Saved: /home/qcx201/Projects/daytrade/data/chart/chart-amgn.json
Saved: /home/qcx201/Projects/daytrade/data/summary/summary-amgn.json
now: 2025-04-23 23:23:23.515430 | eta: 0:01:55.484600 | delta: 0:00:15.747902 | avg: 0:00:02.624650
[7 of 50] SPGI
Saved: /home/qcx201/Projects/daytrade/data/chart/chart-spgi.json
Saved: /home/qcx201/Projects/daytrade/data/summary/summary-spgi.json
now: 2025-04-23 23:23:26.278828 | eta: 0:01:53.712253 | delta: 0:00:18.511300 | avg: 0:00:02.644471
[8 of 50] TJX
Saved: /home/qcx201/Projects/daytrade/data/chart/chart-tjx.json
Saved: /home/qcx201/Projects/daytrade/data/summary/summary-tjx.json
now: 2025-04-23 23:23:28.918898 | eta: 0:01:51.044682 | delta: 0:00:21.151370 | avg: 0:00:02.643921
[9 of 50] AXP
Saved: /home/qcx201/Projects/daytrade/data/chart/chart-axp.json
Saved: /home/qcx201/Projects/daytrade/data/summary/summary-axp.json
now: 2025-04-23 23:23:31.577917 | eta: 0:01:48.469559 | delta: 0:00:23.810389 | avg: 0:00:02.645599
[10 of 50] BSX
Saved: /home/qcx201/Projects/daytrade/data/chart/chart-bsx.json
Saved: /home/qcx201/Projects/daytrade/data/summary/summary-bsx.json
now: 2025-04-23 23:23:33.958398 | eta: 0:01:44.763480 | delta: 0:00:26.190870 | avg: 0:00:02.619087
[11 of 50] AMD
Saved: /home/qcx201/Projects/daytrade/data/chart/chart-amd.json
Saved: /home/qcx201/Projects/daytrade/data/summary/summary-amd.json
now: 2025-04-23 23:23:36.371505 | eta: 0:01:41.414118 | delta: 0:00:28.603977 | avg: 0:00:02.600362
[12 of 50] CAT
Saved: /home/qcx201/Projects/daytrade/data/chart/chart-cat.json
Saved: /home/qcx201/Projects/daytrade/data/summary/summary-cat.json
now: 2025-04-23 23:23:39.371355 | eta: 0:01:40.078776 | delta: 0:00:31.603827 | avg: 0:00:02.633652
[13 of 50] NEE
Saved: /home/qcx201/Projects/daytrade/data/chart/chart-nee.json
Saved: /home/qcx201/Projects/daytrade/data/summary/summary-nee.json
now: 2025-04-23 23:23:41.812607 | eta: 0:01:36.897524 | delta: 0:00:34.045079 | avg: 0:00:02.618852
[14 of 50] MS
Saved: /home/qcx201/Projects/daytrade/data/chart/chart-ms.json
Saved: /home/qcx201/Projects/daytrade/data/summary/summary-ms.json
now: 2025-04-23 23:23:44.467623 | eta: 0:01:34.371660 | delta: 0:00:36.700095 | avg: 0:00:02.621435
[15 of 50] TXN
Saved: /home/qcx201/Projects/daytrade/data/chart/chart-txn.json
Saved: /home/qcx201/Projects/daytrade/data/summary/summary-txn.json
now: 2025-04-23 23:23:47.246804 | eta: 0:01:32.118320 | delta: 0:00:39.479276 | avg: 0:00:02.631952
[16 of 50] GILD
Saved: /home/qcx201/Projects/daytrade/data/chart/chart-gild.json
Saved: /home/qcx201/Projects/daytrade/data/summary/summary-gild.json
now: 2025-04-23 23:23:49.671957 | eta: 0:01:29.046918 | delta: 0:00:41.904429 | avg: 0:00:02.619027
[17 of 50] UNP
Saved: /home/qcx201/Projects/daytrade/data/chart/chart-unp.json
Saved: /home/qcx201/Projects/daytrade/data/summary/summary-unp.json
now: 2025-04-23 23:23:52.340953 | eta: 0:01:26.524878 | delta: 0:00:44.573425 | avg: 0:00:02.621966
[18 of 50] SCHW
Saved: /home/qcx201/Projects/daytrade/data/chart/chart-schw.json
Saved: /home/qcx201/Projects/daytrade/data/summary/summary-schw.json
now: 2025-04-23 23:23:55.037387 | eta: 0:01:24.035296 | delta: 0:00:47.269859 | avg: 0:00:02.626103
[19 of 50] BLK
Saved: /home/qcx201/Projects/daytrade/data/chart/chart-blk.json
Saved: /home/qcx201/Projects/daytrade/data/summary/summary-blk.json
now: 2025-04-23 23:23:57.536297 | eta: 0:01:21.201679 | delta: 0:00:49.768769 | avg: 0:00:02.619409
[20 of 50] CMCSA
Saved: /home/qcx201/Projects/daytrade/data/chart/chart-cmcsa.json
Saved: /home/qcx201/Projects/daytrade/data/summary/summary-cmcsa.json
now: 2025-04-23 23:24:00.156257 | eta: 0:01:18.583080 | delta: 0:00:52.388729 | avg: 0:00:02.619436
[21 of 50] HON
Saved: /home/qcx201/Projects/daytrade/data/chart/chart-hon.json
Saved: /home/qcx201/Projects/daytrade/data/summary/summary-hon.json
now: 2025-04-23 23:24:03.342282 | eta: 0:01:16.746093 | delta: 0:00:55.574754 | avg: 0:00:02.646417
[22 of 50] PFE
Saved: /home/qcx201/Projects/daytrade/data/chart/chart-pfe.json
Saved: /home/qcx201/Projects/daytrade/data/summary/summary-pfe.json
now: 2025-04-23 23:24:05.857082 | eta: 0:01:13.932152 | delta: 0:00:58.089554 | avg: 0:00:02.640434
[23 of 50] VRTX
Saved: /home/qcx201/Projects/daytrade/data/chart/chart-vrtx.json
Saved: /home/qcx201/Projects/daytrade/data/summary/summary-vrtx.json
now: 2025-04-23 23:24:07.978966 | eta: 0:01:10.683003 | delta: 0:01:00.211438 | avg: 0:00:02.617889
[24 of 50] TMUS
Saved: /home/qcx201/Projects/daytrade/data/chart/chart-tmus.json
Saved: /home/qcx201/Projects/daytrade/data/summary/summary-tmus.json
now: 2025-04-23 23:24:10.318353 | eta: 0:01:07.763384 | delta: 0:01:02.550825 | avg: 0:00:02.606284
[25 of 50] LOW
Saved: /home/qcx201/Projects/daytrade/data/chart/chart-low.json
Saved: /home/qcx201/Projects/daytrade/data/summary/summary-low.json
now: 2025-04-23 23:24:12.765252 | eta: 0:01:04.997725 | delta: 0:01:04.997724 | avg: 0:00:02.599909
[26 of 50] DHR
Saved: /home/qcx201/Projects/daytrade/data/chart/chart-dhr.json
Saved: /home/qcx201/Projects/daytrade/data/summary/summary-dhr.json
now: 2025-04-23 23:24:15.564941 | eta: 0:01:02.582232 | delta: 0:01:07.797413 | avg: 0:00:02.607593
[27 of 50] BA
Saved: /home/qcx201/Projects/daytrade/data/chart/chart-ba.json
Saved: /home/qcx201/Projects/daytrade/data/summary/summary-ba.json
now: 2025-04-23 23:24:18.587595 | eta: 0:01:00.328195 | delta: 0:01:10.820067 | avg: 0:00:02.622965
[28 of 50] FI
Saved: /home/qcx201/Projects/daytrade/data/chart/chart-fi.json
Saved: /home/qcx201/Projects/daytrade/data/summary/summary-fi.json
now: 2025-04-23 23:24:21.009651 | eta: 0:00:57.547380 | delta: 0:01:13.242123 | avg: 0:00:02.615790
[29 of 50] C
Saved: /home/qcx201/Projects/daytrade/data/chart/chart-c.json
Saved: /home/qcx201/Projects/daytrade/data/summary/summary-c.json
now: 2025-04-23 23:24:23.687995 | eta: 0:00:54.976887 | delta: 0:01:15.920467 | avg: 0:00:02.617947
[30 of 50] SYK
Saved: /home/qcx201/Projects/daytrade/data/chart/chart-syk.json
Saved: /home/qcx201/Projects/daytrade/data/summary/summary-syk.json
now: 2025-04-23 23:24:26.188515 | eta: 0:00:52.280660 | delta: 0:01:18.420987 | avg: 0:00:02.614033
[31 of 50] ADP
Saved: /home/qcx201/Projects/daytrade/data/chart/chart-adp.json
Saved: /home/qcx201/Projects/daytrade/data/summary/summary-adp.json
now: 2025-04-23 23:24:28.949141 | eta: 0:00:49.756478 | delta: 0:01:21.181613 | avg: 0:00:02.618762
[32 of 50] DE
Saved: /home/qcx201/Projects/daytrade/data/chart/chart-de.json
Saved: /home/qcx201/Projects/daytrade/data/summary/summary-de.json
now: 2025-04-23 23:24:31.751137 | eta: 0:00:47.240784 | delta: 0:01:23.983609 | avg: 0:00:02.624488
[33 of 50] COP
Saved: /home/qcx201/Projects/daytrade/data/chart/chart-cop.json
Saved: /home/qcx201/Projects/daytrade/data/summary/summary-cop.json
now: 2025-04-23 23:24:34.452975 | eta: 0:00:44.656144 | delta: 0:01:26.685447 | avg: 0:00:02.626832
[34 of 50] AMAT
Saved: /home/qcx201/Projects/daytrade/data/chart/chart-amat.json
Saved: /home/qcx201/Projects/daytrade/data/summary/summary-amat.json
now: 2025-04-23 23:24:36.914025 | eta: 0:00:41.951296 | delta: 0:01:29.146497 | avg: 0:00:02.621956
[35 of 50] PANW
Saved: /home/qcx201/Projects/daytrade/data/chart/chart-panw.json
Saved: /home/qcx201/Projects/daytrade/data/summary/summary-panw.json
now: 2025-04-23 23:24:38.919274 | eta: 0:00:39.065040 | delta: 0:01:31.151746 | avg: 0:00:02.604336
[36 of 50] CB
Saved: /home/qcx201/Projects/daytrade/data/chart/chart-cb.json
Saved: /home/qcx201/Projects/daytrade/data/summary/summary-cb.json
now: 2025-04-23 23:24:41.668046 | eta: 0:00:36.516872 | delta: 0:01:33.900518 | avg: 0:00:02.608348
[37 of 50] MMC
Saved: /home/qcx201/Projects/daytrade/data/chart/chart-mmc.json
Saved: /home/qcx201/Projects/daytrade/data/summary/summary-mmc.json
now: 2025-04-23 23:24:44.281259 | eta: 0:00:33.910227 | delta: 0:01:36.513731 | avg: 0:00:02.608479
[38 of 50] MDT
Saved: /home/qcx201/Projects/daytrade/data/chart/chart-mdt.json
Saved: /home/qcx201/Projects/daytrade/data/summary/summary-mdt.json
now: 2025-04-23 23:24:47.028148 | eta: 0:00:31.345464 | delta: 0:01:39.260620 | avg: 0:00:02.612122
[39 of 50] ETN
Saved: /home/qcx201/Projects/daytrade/data/chart/chart-etn.json
Saved: /home/qcx201/Projects/daytrade/data/summary/summary-etn.json
now: 2025-04-23 23:24:49.745044 | eta: 0:00:28.762888 | delta: 0:01:41.977516 | avg: 0:00:02.614808
[40 of 50] AMT
Saved: /home/qcx201/Projects/daytrade/data/chart/chart-amt.json
Saved: /home/qcx201/Projects/daytrade/data/summary/summary-amt.json
now: 2025-04-23 23:24:52.143332 | eta: 0:00:26.093950 | delta: 0:01:44.375804 | avg: 0:00:02.609395
[41 of 50] BMY
Saved: /home/qcx201/Projects/daytrade/data/chart/chart-bmy.json
Saved: /home/qcx201/Projects/daytrade/data/summary/summary-bmy.json
now: 2025-04-23 23:24:54.988033 | eta: 0:00:23.536206 | delta: 0:01:47.220505 | avg: 0:00:02.615134
[42 of 50] SO
Saved: /home/qcx201/Projects/daytrade/data/chart/chart-so.json
Saved: /home/qcx201/Projects/daytrade/data/summary/summary-so.json
now: 2025-04-23 23:24:57.694702 | eta: 0:00:20.938512 | delta: 0:01:49.927174 | avg: 0:00:02.617314
[43 of 50] MO
Saved: /home/qcx201/Projects/daytrade/data/chart/chart-mo.json
Saved: /home/qcx201/Projects/daytrade/data/summary/summary-mo.json
now: 2025-04-23 23:25:00.439599 | eta: 0:00:18.341967 | delta: 0:01:52.672071 | avg: 0:00:02.620281
[44 of 50] LMT
Saved: /home/qcx201/Projects/daytrade/data/chart/chart-lmt.json
Saved: /home/qcx201/Projects/daytrade/data/summary/summary-lmt.json
now: 2025-04-23 23:25:03.363972 | eta: 0:00:15.763152 | delta: 0:01:55.596444 | avg: 0:00:02.627192
[45 of 50] ELV
Saved: /home/qcx201/Projects/daytrade/data/chart/chart-elv.json
Saved: /home/qcx201/Projects/daytrade/data/summary/summary-elv.json
now: 2025-04-23 23:25:05.661214 | eta: 0:00:13.099300 | delta: 0:01:57.893686 | avg: 0:00:02.619860
[46 of 50] CME
Saved: /home/qcx201/Projects/daytrade/data/chart/chart-cme.json
Saved: /home/qcx201/Projects/daytrade/data/summary/summary-cme.json
now: 2025-04-23 23:25:07.720213 | eta: 0:00:10.430668 | delta: 0:01:59.952685 | avg: 0:00:02.607667
[47 of 50] DUK
Saved: /home/qcx201/Projects/daytrade/data/chart/chart-duk.json
Saved: /home/qcx201/Projects/daytrade/data/summary/summary-duk.json
now: 2025-04-23 23:25:10.128847 | eta: 0:00:07.810296 | delta: 0:02:02.361319 | avg: 0:00:02.603432
[48 of 50] SBUX
Saved: /home/qcx201/Projects/daytrade/data/chart/chart-sbux.json
Saved: /home/qcx201/Projects/daytrade/data/summary/summary-sbux.json
now: 2025-04-23 23:25:12.492351 | eta: 0:00:05.196868 | delta: 0:02:04.724823 | avg: 0:00:02.598434
[49 of 50] PLD
Saved: /home/qcx201/Projects/daytrade/data/chart/chart-pld.json
Saved: /home/qcx201/Projects/daytrade/data/summary/summary-pld.json
now: 2025-04-23 23:25:15.244556 | eta: 0:00:02.601572 | delta: 0:02:07.477028 | avg: 0:00:02.601572
[50 of 50] ICE
Saved: /home/qcx201/Projects/daytrade/data/chart/chart-ice.json
Saved: /home/qcx201/Projects/daytrade/data/summary/summary-ice.json
now: 2025-04-23 23:25:17.564037 | eta: 0:00:00 | delta: 0:02:09.796509 | avg: 0:00:02.595930
-- Complete --
