[1 of 50] D
Saved: /home/qcx201/Projects/daytrade/data/chart/chart-d.json
Saved: /home/qcx201/Projects/daytrade/data/summary/summary-d.json
now: 2025-04-23 23:23:10.737407 | eta: 0:02:11.018846 | delta: 0:00:02.673854 | avg: 0:00:02.673854
[2 of 50] KVUE
Saved: /home/qcx201/Projects/daytrade/data/chart/chart-kvue.json
Saved: /home/qcx201/Projects/daytrade/data/summary/summary-kvue.json
now: 2025-04-23 23:23:13.660203 | eta: 0:02:14.319600 | delta: 0:00:05.596650 | avg: 0:00:02.798325
[3 of 50] NXPI
Saved: /home/qcx201/Projects/daytrade/data/chart/chart-nxpi.json
Saved: /home/qcx201/Projects/daytrade/data/summary/summary-nxpi.json
now: 2025-04-23 23:23:15.984470 | eta: 0:02:04.094382 | delta: 0:00:07.920917 | avg: 0:00:02.640306
[4 of 50] GWW
Saved: /home/qcx201/Projects/daytrade/data/chart/chart-gww.json
Saved: /home/qcx201/Projects/daytrade/data/summary/summary-gww.json
now: 2025-04-23 23:23:18.716407 | eta: 0:02:02.507844 | delta: 0:00:10.652854 | avg: 0:00:02.663214
[5 of 50] DFS
Saved: /home/qcx201/Projects/daytrade/data/chart/chart-dfs.json
Saved: /home/qcx201/Projects/daytrade/data/summary/summary-dfs.json
now: 2025-04-23 23:23:21.161937 | eta: 0:01:57.885465 | delta: 0:00:13.098384 | avg: 0:00:02.619677
[6 of 50] TGT
Saved: /home/qcx201/Projects/daytrade/data/chart/chart-tgt.json
Saved: /home/qcx201/Projects/daytrade/data/summary/summary-tgt.json
now: 2025-04-23 23:23:24.268287 | eta: 0:01:58.834716 | delta: 0:00:16.204734 | avg: 0:00:02.700789
[7 of 50] KDP
Saved: /home/qcx201/Projects/daytrade/data/chart/chart-kdp.json
Saved: /home/qcx201/Projects/daytrade/data/summary/summary-kdp.json
now: 2025-04-23 23:23:26.680991 | eta: 0:01:54.364262 | delta: 0:00:18.617438 | avg: 0:00:02.659634
[8 of 50] MET
Saved: /home/qcx201/Projects/daytrade/data/chart/chart-met.json
Saved: /home/qcx201/Projects/daytrade/data/summary/summary-met.json
now: 2025-04-23 23:23:29.070552 | eta: 0:01:50.286750 | delta: 0:00:21.006999 | avg: 0:00:02.625875
[9 of 50] FIS
Saved: /home/qcx201/Projects/daytrade/data/chart/chart-fis.json
Saved: /home/qcx201/Projects/daytrade/data/summary/summary-fis.json
now: 2025-04-23 23:23:31.524999 | eta: 0:01:46.879907 | delta: 0:00:23.461446 | avg: 0:00:02.606827
[10 of 50] MSCI
Saved: /home/qcx201/Projects/daytrade/data/chart/chart-msci.json
Saved: /home/qcx201/Projects/daytrade/data/summary/summary-msci.json
now: 2025-04-23 23:23:33.924878 | eta: 0:01:43.445280 | delta: 0:00:25.861325 | avg: 0:00:02.586132
[11 of 50] PSX
Saved: /home/qcx201/Projects/daytrade/data/chart/chart-psx.json
Saved: /home/qcx201/Projects/daytrade/data/summary/summary-psx.json
now: 2025-04-23 23:23:36.158076 | eta: 0:01:39.607872 | delta: 0:00:28.094523 | avg: 0:00:02.554048
[12 of 50] EW
Saved: /home/qcx201/Projects/daytrade/data/chart/chart-ew.json
Saved: /home/qcx201/Projects/daytrade/data/summary/summary-ew.json
now: 2025-04-23 23:23:38.480218 | eta: 0:01:36.319436 | delta: 0:00:30.416665 | avg: 0:00:02.534722
[13 of 50] CTVA
Saved: /home/qcx201/Projects/daytrade/data/chart/chart-ctva.json
Saved: /home/qcx201/Projects/daytrade/data/summary/summary-ctva.json
now: 2025-04-23 23:23:40.449224 | eta: 0:01:32.174585 | delta: 0:00:32.385671 | avg: 0:00:02.491205
[14 of 50] MNST
Saved: /home/qcx201/Projects/daytrade/data/chart/chart-mnst.json
Saved: /home/qcx201/Projects/daytrade/data/summary/summary-mnst.json
now: 2025-04-23 23:23:42.682330 | eta: 0:01:29.019720 | delta: 0:00:34.618777 | avg: 0:00:02.472770
[15 of 50] MPC
Saved: /home/qcx201/Projects/daytrade/data/chart/chart-mpc.json
Saved: /home/qcx201/Projects/daytrade/data/summary/summary-mpc.json
now: 2025-04-23 23:23:44.798453 | eta: 0:01:25.714755 | delta: 0:00:36.734900 | avg: 0:00:02.448993
[16 of 50] VRSK
Saved: /home/qcx201/Projects/daytrade/data/chart/chart-vrsk.json
Saved: /home/qcx201/Projects/daytrade/data/summary/summary-vrsk.json
now: 2025-04-23 23:23:47.052713 | eta: 0:01:22.851948 | delta: 0:00:38.989160 | avg: 0:00:02.436822
[17 of 50] XEL
Saved: /home/qcx201/Projects/daytrade/data/chart/chart-xel.json
Saved: /home/qcx201/Projects/daytrade/data/summary/summary-xel.json
now: 2025-04-23 23:23:49.754624 | eta: 0:01:20.929728 | delta: 0:00:41.691071 | avg: 0:00:02.452416
[18 of 50] PEG
Saved: /home/qcx201/Projects/daytrade/data/chart/chart-peg.json
Saved: /home/qcx201/Projects/daytrade/data/summary/summary-peg.json
now: 2025-04-23 23:23:52.263768 | eta: 0:01:18.578176 | delta: 0:00:44.200215 | avg: 0:00:02.455568
[19 of 50] LHX
Saved: /home/qcx201/Projects/daytrade/data/chart/chart-lhx.json
Saved: /home/qcx201/Projects/daytrade/data/summary/summary-lhx.json
now: 2025-04-23 23:23:54.968403 | eta: 0:01:16.528956 | delta: 0:00:46.904850 | avg: 0:00:02.468676
[20 of 50] YUM
Saved: /home/qcx201/Projects/daytrade/data/chart/chart-yum.json
Saved: /home/qcx201/Projects/daytrade/data/summary/summary-yum.json
now: 2025-04-23 23:23:57.409160 | eta: 0:01:14.018400 | delta: 0:00:49.345607 | avg: 0:00:02.467280
[21 of 50] AXON
Saved: /home/qcx201/Projects/daytrade/data/chart/chart-axon.json
Saved: /home/qcx201/Projects/daytrade/data/summary/summary-axon.json
now: 2025-04-23 23:23:59.561273 | eta: 0:01:11.115888 | delta: 0:00:51.497720 | avg: 0:00:02.452272
[22 of 50] TEL
Saved: /home/qcx201/Projects/daytrade/data/chart/chart-tel.json
Saved: /home/qcx201/Projects/daytrade/data/summary/summary-tel.json
now: 2025-04-23 23:24:01.685539 | eta: 0:01:08.246164 | delta: 0:00:53.621986 | avg: 0:00:02.437363
[23 of 50] ED
Saved: /home/qcx201/Projects/daytrade/data/chart/chart-ed.json
Saved: /home/qcx201/Projects/daytrade/data/summary/summary-ed.json
now: 2025-04-23 23:24:04.785234 | eta: 0:01:06.586320 | delta: 0:00:56.721681 | avg: 0:00:02.466160
[24 of 50] OTIS
Saved: /home/qcx201/Projects/daytrade/data/chart/chart-otis.json
Saved: /home/qcx201/Projects/daytrade/data/summary/summary-otis.json
now: 2025-04-23 23:24:06.518862 | eta: 0:01:03.326588 | delta: 0:00:58.455309 | avg: 0:00:02.435638
[25 of 50] PWR
Saved: /home/qcx201/Projects/daytrade/data/chart/chart-pwr.json
Saved: /home/qcx201/Projects/daytrade/data/summary/summary-pwr.json
now: 2025-04-23 23:24:08.559770 | eta: 0:01:00.496225 | delta: 0:01:00.496217 | avg: 0:00:02.419849
[26 of 50] VST
Saved: /home/qcx201/Projects/daytrade/data/chart/chart-vst.json
Saved: /home/qcx201/Projects/daytrade/data/summary/summary-vst.json
now: 2025-04-23 23:24:10.629373 | eta: 0:00:57.753072 | delta: 0:01:02.565820 | avg: 0:00:02.406378
[27 of 50] CMI
Saved: /home/qcx201/Projects/daytrade/data/chart/chart-cmi.json
Saved: /home/qcx201/Projects/daytrade/data/summary/summary-cmi.json
now: 2025-04-23 23:24:13.588768 | eta: 0:00:55.817780 | delta: 0:01:05.525215 | avg: 0:00:02.426860
[28 of 50] PCG
Saved: /home/qcx201/Projects/daytrade/data/chart/chart-pcg.json
Saved: /home/qcx201/Projects/daytrade/data/summary/summary-pcg.json
now: 2025-04-23 23:24:16.504026 | eta: 0:00:53.774666 | delta: 0:01:08.440473 | avg: 0:00:02.444303
[29 of 50] BKR
Saved: /home/qcx201/Projects/daytrade/data/chart/chart-bkr.json
Saved: /home/qcx201/Projects/daytrade/data/summary/summary-bkr.json
now: 2025-04-23 23:24:19.067588 | eta: 0:00:51.416715 | delta: 0:01:11.004035 | avg: 0:00:02.448415
[30 of 50] F
Saved: /home/qcx201/Projects/daytrade/data/chart/chart-f.json
Saved: /home/qcx201/Projects/daytrade/data/summary/summary-f.json
now: 2025-04-23 23:24:21.840274 | eta: 0:00:49.184480 | delta: 0:01:13.776721 | avg: 0:00:02.459224
[31 of 50] URI
Saved: /home/qcx201/Projects/daytrade/data/chart/chart-uri.json
Saved: /home/qcx201/Projects/daytrade/data/summary/summary-uri.json
now: 2025-04-23 23:24:24.199347 | eta: 0:00:46.663867 | delta: 0:01:16.135794 | avg: 0:00:02.455993
[32 of 50] TRGP
Saved: /home/qcx201/Projects/daytrade/data/chart/chart-trgp.json
Saved: /home/qcx201/Projects/daytrade/data/summary/summary-trgp.json
now: 2025-04-23 23:24:26.423964 | eta: 0:00:44.077734 | delta: 0:01:18.360411 | avg: 0:00:02.448763
[33 of 50] AME
Saved: /home/qcx201/Projects/daytrade/data/chart/chart-ame.json
Saved: /home/qcx201/Projects/daytrade/data/summary/summary-ame.json
now: 2025-04-23 23:24:29.144696 | eta: 0:00:41.769068 | delta: 0:01:21.081143 | avg: 0:00:02.457004
[34 of 50] HES
Saved: /home/qcx201/Projects/daytrade/data/chart/chart-hes.json
Saved: /home/qcx201/Projects/daytrade/data/summary/summary-hes.json
now: 2025-04-23 23:24:31.836252 | eta: 0:00:39.422448 | delta: 0:01:23.772699 | avg: 0:00:02.463903
[35 of 50] SYY
Saved: /home/qcx201/Projects/daytrade/data/chart/chart-syy.json
Saved: /home/qcx201/Projects/daytrade/data/summary/summary-syy.json
now: 2025-04-23 23:24:34.558434 | eta: 0:00:37.069230 | delta: 0:01:26.494881 | avg: 0:00:02.471282
[36 of 50] ETR
Saved: /home/qcx201/Projects/daytrade/data/chart/chart-etr.json
Saved: /home/qcx201/Projects/daytrade/data/summary/summary-etr.json
now: 2025-04-23 23:24:37.250711 | eta: 0:00:34.683894 | delta: 0:01:29.187158 | avg: 0:00:02.477421
[37 of 50] VLO
Saved: /home/qcx201/Projects/daytrade/data/chart/chart-vlo.json
Saved: /home/qcx201/Projects/daytrade/data/summary/summary-vlo.json
now: 2025-04-23 23:24:40.048648 | eta: 0:00:32.319092 | delta: 0:01:31.985095 | avg: 0:00:02.486084
[38 of 50] PRU
Saved: /home/qcx201/Projects/daytrade/data/chart/chart-pru.json
Saved: /home/qcx201/Projects/daytrade/data/summary/summary-pru.json
now: 2025-04-23 23:24:42.433931 | eta: 0:00:29.801172 | delta: 0:01:34.370378 | avg: 0:00:02.483431
[39 of 50] DHI
Saved: /home/qcx201/Projects/daytrade/data/chart/chart-dhi.json
Saved: /home/qcx201/Projects/daytrade/data/summary/summary-dhi.json
now: 2025-04-23 23:24:44.824480 | eta: 0:00:27.291539 | delta: 0:01:36.760927 | avg: 0:00:02.481049
[40 of 50] CBRE
Saved: /home/qcx201/Projects/daytrade/data/chart/chart-cbre.json
Saved: /home/qcx201/Projects/daytrade/data/summary/summary-cbre.json
now: 2025-04-23 23:24:47.342640 | eta: 0:00:24.819770 | delta: 0:01:39.279087 | avg: 0:00:02.481977
[41 of 50] ACGL
Saved: /home/qcx201/Projects/daytrade/data/chart/chart-acgl.json
Saved: /home/qcx201/Projects/daytrade/data/summary/summary-acgl.json
now: 2025-04-23 23:24:49.533727 | eta: 0:00:22.273938 | delta: 0:01:41.470174 | avg: 0:00:02.474882
[42 of 50] VICI
Saved: /home/qcx201/Projects/daytrade/data/chart/chart-vici.json
Saved: /home/qcx201/Projects/daytrade/data/summary/summary-vici.json
now: 2025-04-23 23:24:51.602450 | eta: 0:00:19.721696 | delta: 0:01:43.538897 | avg: 0:00:02.465212
[43 of 50] EA
Saved: /home/qcx201/Projects/daytrade/data/chart/chart-ea.json
Saved: /home/qcx201/Projects/daytrade/data/summary/summary-ea.json
now: 2025-04-23 23:24:53.908020 | eta: 0:00:17.230493 | delta: 0:01:45.844467 | avg: 0:00:02.461499
[44 of 50] WEC
Saved: /home/qcx201/Projects/daytrade/data/chart/chart-wec.json
Saved: /home/qcx201/Projects/daytrade/data/summary/summary-wec.json
now: 2025-04-23 23:24:56.606335 | eta: 0:00:14.801286 | delta: 0:01:48.542782 | avg: 0:00:02.466881
[45 of 50] IDXX
Saved: /home/qcx201/Projects/daytrade/data/chart/chart-idxx.json
Saved: /home/qcx201/Projects/daytrade/data/summary/summary-idxx.json
now: 2025-04-23 23:24:58.870717 | eta: 0:00:12.311905 | delta: 0:01:50.807164 | avg: 0:00:02.462381
[46 of 50] CTSH
Saved: /home/qcx201/Projects/daytrade/data/chart/chart-ctsh.json
Saved: /home/qcx201/Projects/daytrade/data/summary/summary-ctsh.json
now: 2025-04-23 23:25:01.391975 | eta: 0:00:09.854644 | delta: 0:01:53.328422 | avg: 0:00:02.463661
[47 of 50] TTWO
Saved: /home/qcx201/Projects/daytrade/data/chart/chart-ttwo.json
Saved: /home/qcx201/Projects/daytrade/data/summary/summary-ttwo.json
now: 2025-04-23 23:25:03.657720 | eta: 0:00:07.378350 | delta: 0:01:55.594167 | avg: 0:00:02.459450
[48 of 50] HIG
Saved: /home/qcx201/Projects/daytrade/data/chart/chart-hig.json
Saved: /home/qcx201/Projects/daytrade/data/summary/summary-hig.json
now: 2025-04-23 23:25:06.213594 | eta: 0:00:04.922918 | delta: 0:01:58.150041 | avg: 0:00:02.461459
[49 of 50] CSGP
Saved: /home/qcx201/Projects/daytrade/data/chart/chart-csgp.json
Saved: /home/qcx201/Projects/daytrade/data/summary/summary-csgp.json
now: 2025-04-23 23:25:08.299046 | eta: 0:00:02.453786 | delta: 0:02:00.235493 | avg: 0:00:02.453786
[50 of 50] WTW
Saved: /home/qcx201/Projects/daytrade/data/chart/chart-wtw.json
Saved: /home/qcx201/Projects/daytrade/data/summary/summary-wtw.json
now: 2025-04-23 23:25:10.965388 | eta: 0:00:00 | delta: 0:02:02.901835 | avg: 0:00:02.458037
-- Complete --
