[1 of 50] AAPL
Saved: /home/qcx201/Projects/daytrade/data/chart/chart-aapl.json
Saved: /home/qcx201/Projects/daytrade/data/summary/summary-aapl.json
now: 2025-04-23 23:23:10.310954 | eta: 0:02:06.285985 | delta: 0:00:02.577265 | avg: 0:00:02.577265
[2 of 50] MSFT
Saved: /home/qcx201/Projects/daytrade/data/chart/chart-msft.json
Saved: /home/qcx201/Projects/daytrade/data/summary/summary-msft.json
now: 2025-04-23 23:23:12.495632 | eta: 0:01:54.286656 | delta: 0:00:04.761943 | avg: 0:00:02.380972
[3 of 50] NVDA
Saved: /home/qcx201/Projects/daytrade/data/chart/chart-nvda.json
Saved: /home/qcx201/Projects/daytrade/data/summary/summary-nvda.json
now: 2025-04-23 23:23:14.849560 | eta: 0:01:51.481979 | delta: 0:00:07.115871 | avg: 0:00:02.371957
[4 of 50] AMZN
Saved: /home/qcx201/Projects/daytrade/data/chart/chart-amzn.json
Saved: /home/qcx201/Projects/daytrade/data/summary/summary-amzn.json
now: 2025-04-23 23:23:17.361905 | eta: 0:01:50.724484 | delta: 0:00:09.628216 | avg: 0:00:02.407054
[5 of 50] META
Saved: /home/qcx201/Projects/daytrade/data/chart/chart-meta.json
Saved: /home/qcx201/Projects/daytrade/data/summary/summary-meta.json
now: 2025-04-23 23:23:19.371692 | eta: 0:01:44.742045 | delta: 0:00:11.638003 | avg: 0:00:02.327601
[6 of 50] BRK.B
[7 of 50] GOOGL
Saved: /home/qcx201/Projects/daytrade/data/chart/chart-googl.json
Saved: /home/qcx201/Projects/daytrade/data/summary/summary-googl.json
now: 2025-04-23 23:23:22.793140 | eta: 0:01:32.508050 | delta: 0:00:15.059451 | avg: 0:00:02.151350
[8 of 50] AVGO
Saved: /home/qcx201/Projects/daytrade/data/chart/chart-avgo.json
Saved: /home/qcx201/Projects/daytrade/data/summary/summary-avgo.json
now: 2025-04-23 23:23:25.045083 | eta: 0:01:30.884808 | delta: 0:00:17.311394 | avg: 0:00:02.163924
[9 of 50] GOOG
Saved: /home/qcx201/Projects/daytrade/data/chart/chart-goog.json
Saved: /home/qcx201/Projects/daytrade/data/summary/summary-goog.json
now: 2025-04-23 23:23:27.150523 | eta: 0:01:28.454466 | delta: 0:00:19.416834 | avg: 0:00:02.157426
[10 of 50] TSLA
Saved: /home/qcx201/Projects/daytrade/data/chart/chart-tsla.json
Saved: /home/qcx201/Projects/daytrade/data/summary/summary-tsla.json
now: 2025-04-23 23:23:29.311609 | eta: 0:01:26.311680 | delta: 0:00:21.577920 | avg: 0:00:02.157792
[11 of 50] JPM
Saved: /home/qcx201/Projects/daytrade/data/chart/chart-jpm.json
Saved: /home/qcx201/Projects/daytrade/data/summary/summary-jpm.json
now: 2025-04-23 23:23:32.047920 | eta: 0:01:26.205015 | delta: 0:00:24.314231 | avg: 0:00:02.210385
[12 of 50] LLY
Saved: /home/qcx201/Projects/daytrade/data/chart/chart-lly.json
Saved: /home/qcx201/Projects/daytrade/data/summary/summary-lly.json
now: 2025-04-23 23:23:34.693636 | eta: 0:01:25.373156 | delta: 0:00:26.959947 | avg: 0:00:02.246662
[13 of 50] V
Saved: /home/qcx201/Projects/daytrade/data/chart/chart-v.json
Saved: /home/qcx201/Projects/daytrade/data/summary/summary-v.json
now: 2025-04-23 23:23:36.786536 | eta: 0:01:22.688858 | delta: 0:00:29.052847 | avg: 0:00:02.234834
[14 of 50] XOM
Saved: /home/qcx201/Projects/daytrade/data/chart/chart-xom.json
Saved: /home/qcx201/Projects/daytrade/data/summary/summary-xom.json
now: 2025-04-23 23:23:39.605142 | eta: 0:01:21.955152 | delta: 0:00:31.871453 | avg: 0:00:02.276532
[15 of 50] NFLX
Saved: /home/qcx201/Projects/daytrade/data/chart/chart-nflx.json
Saved: /home/qcx201/Projects/daytrade/data/summary/summary-nflx.json
now: 2025-04-23 23:23:41.992375 | eta: 0:01:19.936920 | delta: 0:00:34.258686 | avg: 0:00:02.283912
[16 of 50] COST
Saved: /home/qcx201/Projects/daytrade/data/chart/chart-cost.json
Saved: /home/qcx201/Projects/daytrade/data/summary/summary-cost.json
now: 2025-04-23 23:23:44.498053 | eta: 0:01:18.124282 | delta: 0:00:36.764364 | avg: 0:00:02.297773
[17 of 50] MA
Saved: /home/qcx201/Projects/daytrade/data/chart/chart-ma.json
Saved: /home/qcx201/Projects/daytrade/data/summary/summary-ma.json
now: 2025-04-23 23:23:46.828894 | eta: 0:01:15.890694 | delta: 0:00:39.095205 | avg: 0:00:02.299718
[18 of 50] WMT
Saved: /home/qcx201/Projects/daytrade/data/chart/chart-wmt.json
Saved: /home/qcx201/Projects/daytrade/data/summary/summary-wmt.json
now: 2025-04-23 23:23:49.807228 | eta: 0:01:14.797408 | delta: 0:00:42.073539 | avg: 0:00:02.337419
[19 of 50] PG
Saved: /home/qcx201/Projects/daytrade/data/chart/chart-pg.json
Saved: /home/qcx201/Projects/daytrade/data/summary/summary-pg.json
now: 2025-04-23 23:23:52.487863 | eta: 0:01:13.019973 | delta: 0:00:44.754174 | avg: 0:00:02.355483
[20 of 50] UNH
Saved: /home/qcx201/Projects/daytrade/data/chart/chart-unh.json
Saved: /home/qcx201/Projects/daytrade/data/summary/summary-unh.json
now: 2025-04-23 23:23:54.886173 | eta: 0:01:10.728720 | delta: 0:00:47.152484 | avg: 0:00:02.357624
[21 of 50] JNJ
Saved: /home/qcx201/Projects/daytrade/data/chart/chart-jnj.json
Saved: /home/qcx201/Projects/daytrade/data/summary/summary-jnj.json
now: 2025-04-23 23:23:57.882986 | eta: 0:01:09.253798 | delta: 0:00:50.149297 | avg: 0:00:02.388062
[22 of 50] HD
Saved: /home/qcx201/Projects/daytrade/data/chart/chart-hd.json
Saved: /home/qcx201/Projects/daytrade/data/summary/summary-hd.json
now: 2025-04-23 23:24:00.467633 | eta: 0:01:07.115916 | delta: 0:00:52.733944 | avg: 0:00:02.396997
[23 of 50] ABBV
Saved: /home/qcx201/Projects/daytrade/data/chart/chart-abbv.json
Saved: /home/qcx201/Projects/daytrade/data/summary/summary-abbv.json
now: 2025-04-23 23:24:02.718996 | eta: 0:01:04.547982 | delta: 0:00:54.985307 | avg: 0:00:02.390666
[24 of 50] KO
Saved: /home/qcx201/Projects/daytrade/data/chart/chart-ko.json
Saved: /home/qcx201/Projects/daytrade/data/summary/summary-ko.json
now: 2025-04-23 23:24:05.799076 | eta: 0:01:02.904166 | delta: 0:00:58.065387 | avg: 0:00:02.419391
[25 of 50] PM
Saved: /home/qcx201/Projects/daytrade/data/chart/chart-pm.json
Saved: /home/qcx201/Projects/daytrade/data/summary/summary-pm.json
now: 2025-04-23 23:24:07.984690 | eta: 0:01:00.251000 | delta: 0:01:00.251001 | avg: 0:00:02.410040
[26 of 50] BAC
Saved: /home/qcx201/Projects/daytrade/data/chart/chart-bac.json
Saved: /home/qcx201/Projects/daytrade/data/summary/summary-bac.json
now: 2025-04-23 23:24:10.650865 | eta: 0:00:58.077384 | delta: 0:01:02.917176 | avg: 0:00:02.419891
[27 of 50] CRM
Saved: /home/qcx201/Projects/daytrade/data/chart/chart-crm.json
Saved: /home/qcx201/Projects/daytrade/data/summary/summary-crm.json
now: 2025-04-23 23:24:12.879170 | eta: 0:00:55.494308 | delta: 0:01:05.145481 | avg: 0:00:02.412796
[28 of 50] CVX
Saved: /home/qcx201/Projects/daytrade/data/chart/chart-cvx.json
Saved: /home/qcx201/Projects/daytrade/data/summary/summary-cvx.json
now: 2025-04-23 23:24:15.563127 | eta: 0:00:53.294560 | delta: 0:01:07.829438 | avg: 0:00:02.422480
[29 of 50] MCD
Saved: /home/qcx201/Projects/daytrade/data/chart/chart-mcd.json
Saved: /home/qcx201/Projects/daytrade/data/summary/summary-mcd.json
now: 2025-04-23 23:24:18.527145 | eta: 0:00:51.264234 | delta: 0:01:10.793456 | avg: 0:00:02.441154
[30 of 50] ABT
Saved: /home/qcx201/Projects/daytrade/data/chart/chart-abt.json
Saved: /home/qcx201/Projects/daytrade/data/summary/summary-abt.json
now: 2025-04-23 23:24:21.363092 | eta: 0:00:49.086260 | delta: 0:01:13.629403 | avg: 0:00:02.454313
[31 of 50] IBM
Saved: /home/qcx201/Projects/daytrade/data/chart/chart-ibm.json
Saved: /home/qcx201/Projects/daytrade/data/summary/summary-ibm.json
now: 2025-04-23 23:24:24.272680 | eta: 0:00:46.911000 | delta: 0:01:16.538991 | avg: 0:00:02.469000
[32 of 50] CSCO
Saved: /home/qcx201/Projects/daytrade/data/chart/chart-csco.json
Saved: /home/qcx201/Projects/daytrade/data/summary/summary-csco.json
now: 2025-04-23 23:24:26.600326 | eta: 0:00:44.362476 | delta: 0:01:18.866637 | avg: 0:00:02.464582
[33 of 50] WFC
Saved: /home/qcx201/Projects/daytrade/data/chart/chart-wfc.json
Saved: /home/qcx201/Projects/daytrade/data/summary/summary-wfc.json
now: 2025-04-23 23:24:29.463280 | eta: 0:00:42.103118 | delta: 0:01:21.729591 | avg: 0:00:02.476654
[34 of 50] LIN
Saved: /home/qcx201/Projects/daytrade/data/chart/chart-lin.json
Saved: /home/qcx201/Projects/daytrade/data/summary/summary-lin.json
now: 2025-04-23 23:24:31.805376 | eta: 0:00:39.563152 | delta: 0:01:24.071687 | avg: 0:00:02.472697
[35 of 50] ORCL
Saved: /home/qcx201/Projects/daytrade/data/chart/chart-orcl.json
Saved: /home/qcx201/Projects/daytrade/data/summary/summary-orcl.json
now: 2025-04-23 23:24:34.276234 | eta: 0:00:37.089660 | delta: 0:01:26.542545 | avg: 0:00:02.472644
[36 of 50] GE
Saved: /home/qcx201/Projects/daytrade/data/chart/chart-ge.json
Saved: /home/qcx201/Projects/daytrade/data/summary/summary-ge.json
now: 2025-04-23 23:24:37.251425 | eta: 0:00:34.812456 | delta: 0:01:29.517736 | avg: 0:00:02.486604
[37 of 50] MRK
Saved: /home/qcx201/Projects/daytrade/data/chart/chart-mrk.json
Saved: /home/qcx201/Projects/daytrade/data/summary/summary-mrk.json
now: 2025-04-23 23:24:40.444335 | eta: 0:00:32.574009 | delta: 0:01:32.710646 | avg: 0:00:02.505693
[38 of 50] PEP
Saved: /home/qcx201/Projects/daytrade/data/chart/chart-pep.json
Saved: /home/qcx201/Projects/daytrade/data/summary/summary-pep.json
now: 2025-04-23 23:24:43.245164 | eta: 0:00:30.161520 | delta: 0:01:35.511475 | avg: 0:00:02.513460
[39 of 50] T
Saved: /home/qcx201/Projects/daytrade/data/chart/chart-t.json
Saved: /home/qcx201/Projects/daytrade/data/summary/summary-t.json
now: 2025-04-23 23:24:45.796622 | eta: 0:00:27.658774 | delta: 0:01:38.062933 | avg: 0:00:02.514434
[40 of 50] PLTR
Saved: /home/qcx201/Projects/daytrade/data/chart/chart-pltr.json
Saved: /home/qcx201/Projects/daytrade/data/summary/summary-pltr.json
now: 2025-04-23 23:24:47.626506 | eta: 0:00:24.973200 | delta: 0:01:39.892817 | avg: 0:00:02.497320
[41 of 50] VZ
Saved: /home/qcx201/Projects/daytrade/data/chart/chart-vz.json
Saved: /home/qcx201/Projects/daytrade/data/summary/summary-vz.json
now: 2025-04-23 23:24:50.266912 | eta: 0:00:22.507290 | delta: 0:01:42.533223 | avg: 0:00:02.500810
[42 of 50] ACN
Saved: /home/qcx201/Projects/daytrade/data/chart/chart-acn.json
Saved: /home/qcx201/Projects/daytrade/data/summary/summary-acn.json
now: 2025-04-23 23:24:52.729029 | eta: 0:00:19.999112 | delta: 0:01:44.995340 | avg: 0:00:02.499889
[43 of 50] ISRG
Saved: /home/qcx201/Projects/daytrade/data/chart/chart-isrg.json
Saved: /home/qcx201/Projects/daytrade/data/summary/summary-isrg.json
now: 2025-04-23 23:24:55.061753 | eta: 0:00:17.472007 | delta: 0:01:47.328064 | avg: 0:00:02.496001
[44 of 50] -
[45 of 50] TMO
Saved: /home/qcx201/Projects/daytrade/data/chart/chart-tmo.json
Saved: /home/qcx201/Projects/daytrade/data/summary/summary-tmo.json
now: 2025-04-23 23:24:58.577203 | eta: 0:00:12.315945 | delta: 0:01:50.843514 | avg: 0:00:02.463189
[46 of 50] INTU
Saved: /home/qcx201/Projects/daytrade/data/chart/chart-intu.json
Saved: /home/qcx201/Projects/daytrade/data/summary/summary-intu.json
now: 2025-04-23 23:25:01.029896 | eta: 0:00:09.851844 | delta: 0:01:53.296207 | avg: 0:00:02.462961
[47 of 50] GS
Saved: /home/qcx201/Projects/daytrade/data/chart/chart-gs.json
Saved: /home/qcx201/Projects/daytrade/data/summary/summary-gs.json
now: 2025-04-23 23:25:03.498948 | eta: 0:00:07.389273 | delta: 0:01:55.765259 | avg: 0:00:02.463091
[48 of 50] NOW
Saved: /home/qcx201/Projects/daytrade/data/chart/chart-now.json
Saved: /home/qcx201/Projects/daytrade/data/summary/summary-now.json
now: 2025-04-23 23:25:05.610369 | eta: 0:00:04.911528 | delta: 0:01:57.876680 | avg: 0:00:02.455764
[49 of 50] DIS
Saved: /home/qcx201/Projects/daytrade/data/chart/chart-dis.json
Saved: /home/qcx201/Projects/daytrade/data/summary/summary-dis.json
now: 2025-04-23 23:25:08.533341 | eta: 0:00:02.465299 | delta: 0:02:00.799652 | avg: 0:00:02.465299
[50 of 50] UBER
Saved: /home/qcx201/Projects/daytrade/data/chart/chart-uber.json
Saved: /home/qcx201/Projects/daytrade/data/summary/summary-uber.json
now: 2025-04-23 23:25:10.419347 | eta: 0:00:00 | delta: 0:02:02.685658 | avg: 0:00:02.453713
-- Complete --
