[1 of 50] DASH
Saved: /home/qcx201/Projects/daytrade/data/chart/chart-dash.json
Saved: /home/qcx201/Projects/daytrade/data/summary/summary-dash.json
now: 2025-04-23 23:23:09.840809 | eta: 0:01:32.665076 | delta: 0:00:01.891124 | avg: 0:00:01.891124
[2 of 50] ECL
Saved: /home/qcx201/Projects/daytrade/data/chart/chart-ecl.json
Saved: /home/qcx201/Projects/daytrade/data/summary/summary-ecl.json
now: 2025-04-23 23:23:12.464873 | eta: 0:01:48.364512 | delta: 0:00:04.515188 | avg: 0:00:02.257594
[3 of 50] TRV
Saved: /home/qcx201/Projects/daytrade/data/chart/chart-trv.json
Saved: /home/qcx201/Projects/daytrade/data/summary/summary-trv.json
now: 2025-04-23 23:23:15.224107 | eta: 0:01:53.965929 | delta: 0:00:07.274422 | avg: 0:00:02.424807
[4 of 50] ROP
Saved: /home/qcx201/Projects/daytrade/data/chart/chart-rop.json
Saved: /home/qcx201/Projects/daytrade/data/summary/summary-rop.json
now: 2025-04-23 23:23:17.916267 | eta: 0:01:54.615716 | delta: 0:00:09.966582 | avg: 0:00:02.491646
[5 of 50] APD
Saved: /home/qcx201/Projects/daytrade/data/chart/chart-apd.json
Saved: /home/qcx201/Projects/daytrade/data/summary/summary-apd.json
now: 2025-04-23 23:23:20.596436 | eta: 0:01:53.820750 | delta: 0:00:12.646751 | avg: 0:00:02.529350
[6 of 50] HCA
Saved: /home/qcx201/Projects/daytrade/data/chart/chart-hca.json
Saved: /home/qcx201/Projects/daytrade/data/summary/summary-hca.json
now: 2025-04-23 23:23:22.769218 | eta: 0:01:48.676568 | delta: 0:00:14.819533 | avg: 0:00:02.469922
[7 of 50] AEP
Saved: /home/qcx201/Projects/daytrade/data/chart/chart-aep.json
Saved: /home/qcx201/Projects/daytrade/data/summary/summary-aep.json
now: 2025-04-23 23:23:25.659123 | eta: 0:01:48.786560 | delta: 0:00:17.709438 | avg: 0:00:02.529920
[8 of 50] BDX
Saved: /home/qcx201/Projects/daytrade/data/chart/chart-bdx.json
Saved: /home/qcx201/Projects/daytrade/data/summary/summary-bdx.json
now: 2025-04-23 23:23:28.507386 | eta: 0:01:47.927946 | delta: 0:00:20.557701 | avg: 0:00:02.569713
[9 of 50] EMR
Saved: /home/qcx201/Projects/daytrade/data/chart/chart-emr.json
Saved: /home/qcx201/Projects/daytrade/data/summary/summary-emr.json
now: 2025-04-23 23:23:31.156456 | eta: 0:01:45.719730 | delta: 0:00:23.206771 | avg: 0:00:02.578530
[10 of 50] ADSK
Saved: /home/qcx201/Projects/daytrade/data/chart/chart-adsk.json
Saved: /home/qcx201/Projects/daytrade/data/summary/summary-adsk.json
now: 2025-04-23 23:23:33.879457 | eta: 0:01:43.719080 | delta: 0:00:25.929772 | avg: 0:00:02.592977
[11 of 50] APO
Saved: /home/qcx201/Projects/daytrade/data/chart/chart-apo.json
Saved: /home/qcx201/Projects/daytrade/data/summary/summary-apo.json
now: 2025-04-23 23:23:35.981731 | eta: 0:01:39.386352 | delta: 0:00:28.032046 | avg: 0:00:02.548368
[12 of 50] BK
Saved: /home/qcx201/Projects/daytrade/data/chart/chart-bk.json
Saved: /home/qcx201/Projects/daytrade/data/summary/summary-bk.json
now: 2025-04-23 23:23:38.681000 | eta: 0:01:37.315834 | delta: 0:00:30.731315 | avg: 0:00:02.560943
[13 of 50] AFL
Saved: /home/qcx201/Projects/daytrade/data/chart/chart-afl.json
Saved: /home/qcx201/Projects/daytrade/data/summary/summary-afl.json
now: 2025-04-23 23:23:40.996861 | eta: 0:01:34.057330 | delta: 0:00:33.047176 | avg: 0:00:02.542090
[14 of 50] CSX
Saved: /home/qcx201/Projects/daytrade/data/chart/chart-csx.json
Saved: /home/qcx201/Projects/daytrade/data/summary/summary-csx.json
now: 2025-04-23 23:23:43.937262 | eta: 0:01:32.539476 | delta: 0:00:35.987577 | avg: 0:00:02.570541
[15 of 50] CPRT
Saved: /home/qcx201/Projects/daytrade/data/chart/chart-cprt.json
Saved: /home/qcx201/Projects/daytrade/data/summary/summary-cprt.json
now: 2025-04-23 23:23:46.259473 | eta: 0:01:29.389510 | delta: 0:00:38.309788 | avg: 0:00:02.553986
[16 of 50] OKE
Saved: /home/qcx201/Projects/daytrade/data/chart/chart-oke.json
Saved: /home/qcx201/Projects/daytrade/data/summary/summary-oke.json
now: 2025-04-23 23:23:49.116187 | eta: 0:01:27.478804 | delta: 0:00:41.166502 | avg: 0:00:02.572906
[17 of 50] KMI
Saved: /home/qcx201/Projects/daytrade/data/chart/chart-kmi.json
Saved: /home/qcx201/Projects/daytrade/data/summary/summary-kmi.json
now: 2025-04-23 23:23:51.280187 | eta: 0:01:24.112149 | delta: 0:00:43.330502 | avg: 0:00:02.548853
[18 of 50] ALL
Saved: /home/qcx201/Projects/daytrade/data/chart/chart-all.json
Saved: /home/qcx201/Projects/daytrade/data/summary/summary-all.json
now: 2025-04-23 23:23:53.807678 | eta: 0:01:21.525312 | delta: 0:00:45.857993 | avg: 0:00:02.547666
[19 of 50] O
Saved: /home/qcx201/Projects/daytrade/data/chart/chart-o.json
Saved: /home/qcx201/Projects/daytrade/data/summary/summary-o.json
now: 2025-04-23 23:23:56.197497 | eta: 0:01:18.720129 | delta: 0:00:48.247812 | avg: 0:00:02.539359
[20 of 50] HLT
Saved: /home/qcx201/Projects/daytrade/data/chart/chart-hlt.json
Saved: /home/qcx201/Projects/daytrade/data/summary/summary-hlt.json
now: 2025-04-23 23:23:58.383764 | eta: 0:01:15.651120 | delta: 0:00:50.434079 | avg: 0:00:02.521704
[21 of 50] JCI
Saved: /home/qcx201/Projects/daytrade/data/chart/chart-jci.json
Saved: /home/qcx201/Projects/daytrade/data/summary/summary-jci.json
now: 2025-04-23 23:24:01.007451 | eta: 0:01:13.270240 | delta: 0:00:53.057766 | avg: 0:00:02.526560
[22 of 50] MAR
Saved: /home/qcx201/Projects/daytrade/data/chart/chart-mar.json
Saved: /home/qcx201/Projects/daytrade/data/summary/summary-mar.json
now: 2025-04-23 23:24:03.413816 | eta: 0:01:10.590716 | delta: 0:00:55.464131 | avg: 0:00:02.521097
[23 of 50] HWM
Saved: /home/qcx201/Projects/daytrade/data/chart/chart-hwm.json
Saved: /home/qcx201/Projects/daytrade/data/summary/summary-hwm.json
now: 2025-04-23 23:24:05.309798 | eta: 0:01:07.335786 | delta: 0:00:57.360113 | avg: 0:00:02.493918
[24 of 50] NSC
Saved: /home/qcx201/Projects/daytrade/data/chart/chart-nsc.json
Saved: /home/qcx201/Projects/daytrade/data/summary/summary-nsc.json
now: 2025-04-23 23:24:07.945835 | eta: 0:01:04.995840 | delta: 0:00:59.996150 | avg: 0:00:02.499840
[25 of 50] ABNB
Saved: /home/qcx201/Projects/daytrade/data/chart/chart-abnb.json
Saved: /home/qcx201/Projects/daytrade/data/summary/summary-abnb.json
now: 2025-04-23 23:24:10.119889 | eta: 0:01:02.170200 | delta: 0:01:02.170204 | avg: 0:00:02.486808
[26 of 50] RCL
Saved: /home/qcx201/Projects/daytrade/data/chart/chart-rcl.json
Saved: /home/qcx201/Projects/daytrade/data/summary/summary-rcl.json
now: 2025-04-23 23:24:12.560401 | eta: 0:00:59.640672 | delta: 0:01:04.610716 | avg: 0:00:02.485028
[27 of 50] COR
Saved: /home/qcx201/Projects/daytrade/data/chart/chart-cor.json
Saved: /home/qcx201/Projects/daytrade/data/summary/summary-cor.json
now: 2025-04-23 23:24:15.136356 | eta: 0:00:57.233085 | delta: 0:01:07.186671 | avg: 0:00:02.488395
[28 of 50] RSG
Saved: /home/qcx201/Projects/daytrade/data/chart/chart-rsg.json
Saved: /home/qcx201/Projects/daytrade/data/summary/summary-rsg.json
now: 2025-04-23 23:24:17.762181 | eta: 0:00:54.852666 | delta: 0:01:09.812496 | avg: 0:00:02.493303
[29 of 50] FCX
Saved: /home/qcx201/Projects/daytrade/data/chart/chart-fcx.json
Saved: /home/qcx201/Projects/daytrade/data/summary/summary-fcx.json
now: 2025-04-23 23:24:20.371359 | eta: 0:00:52.443279 | delta: 0:01:12.421674 | avg: 0:00:02.497299
[30 of 50] KR
Saved: /home/qcx201/Projects/daytrade/data/chart/chart-kr.json
Saved: /home/qcx201/Projects/daytrade/data/summary/summary-kr.json
now: 2025-04-23 23:24:23.040821 | eta: 0:00:50.060760 | delta: 0:01:15.091136 | avg: 0:00:02.503038
[31 of 50] SLB
Saved: /home/qcx201/Projects/daytrade/data/chart/chart-slb.json
Saved: /home/qcx201/Projects/daytrade/data/summary/summary-slb.json
now: 2025-04-23 23:24:25.701052 | eta: 0:00:47.654071 | delta: 0:01:17.751367 | avg: 0:00:02.508109
[32 of 50] AIG
Saved: /home/qcx201/Projects/daytrade/data/chart/chart-aig.json
Saved: /home/qcx201/Projects/daytrade/data/summary/summary-aig.json
now: 2025-04-23 23:24:28.432631 | eta: 0:00:45.271656 | delta: 0:01:20.482946 | avg: 0:00:02.515092
[33 of 50] CARR
Saved: /home/qcx201/Projects/daytrade/data/chart/chart-carr.json
Saved: /home/qcx201/Projects/daytrade/data/summary/summary-carr.json
now: 2025-04-23 23:24:30.395502 | eta: 0:00:42.472086 | delta: 0:01:22.445817 | avg: 0:00:02.498358
[34 of 50] TFC
Saved: /home/qcx201/Projects/daytrade/data/chart/chart-tfc.json
Saved: /home/qcx201/Projects/daytrade/data/summary/summary-tfc.json
now: 2025-04-23 23:24:32.980259 | eta: 0:00:40.014384 | delta: 0:01:25.030574 | avg: 0:00:02.500899
[35 of 50] EXC
Saved: /home/qcx201/Projects/daytrade/data/chart/chart-exc.json
Saved: /home/qcx201/Projects/daytrade/data/summary/summary-exc.json
now: 2025-04-23 23:24:35.808309 | eta: 0:00:37.653690 | delta: 0:01:27.858624 | avg: 0:00:02.510246
[36 of 50] WDAY
Saved: /home/qcx201/Projects/daytrade/data/chart/chart-wday.json
Saved: /home/qcx201/Projects/daytrade/data/summary/summary-wday.json
now: 2025-04-23 23:24:37.869051 | eta: 0:00:34.968640 | delta: 0:01:29.919366 | avg: 0:00:02.497760
[37 of 50] DLR
Saved: /home/qcx201/Projects/daytrade/data/chart/chart-dlr.json
Saved: /home/qcx201/Projects/daytrade/data/summary/summary-dlr.json
now: 2025-04-23 23:24:40.048061 | eta: 0:00:32.358885 | delta: 0:01:32.098376 | avg: 0:00:02.489145
[38 of 50] PSA
Saved: /home/qcx201/Projects/daytrade/data/chart/chart-psa.json
Saved: /home/qcx201/Projects/daytrade/data/summary/summary-psa.json
now: 2025-04-23 23:24:42.761849 | eta: 0:00:29.940684 | delta: 0:01:34.812164 | avg: 0:00:02.495057
[39 of 50] FAST
Saved: /home/qcx201/Projects/daytrade/data/chart/chart-fast.json
Saved: /home/qcx201/Projects/daytrade/data/summary/summary-fast.json
now: 2025-04-23 23:24:45.260996 | eta: 0:00:27.446782 | delta: 0:01:37.311311 | avg: 0:00:02.495162
[40 of 50] PCAR
Saved: /home/qcx201/Projects/daytrade/data/chart/chart-pcar.json
Saved: /home/qcx201/Projects/daytrade/data/summary/summary-pcar.json
now: 2025-04-23 23:24:47.931664 | eta: 0:00:24.995490 | delta: 0:01:39.981979 | avg: 0:00:02.499549
[41 of 50] SPG
Saved: /home/qcx201/Projects/daytrade/data/chart/chart-spg.json
Saved: /home/qcx201/Projects/daytrade/data/summary/summary-spg.json
now: 2025-04-23 23:24:50.370900 | eta: 0:00:22.482702 | delta: 0:01:42.421215 | avg: 0:00:02.498078
[42 of 50] PAYX
Saved: /home/qcx201/Projects/daytrade/data/chart/chart-payx.json
Saved: /home/qcx201/Projects/daytrade/data/summary/summary-payx.json
now: 2025-04-23 23:24:53.335168 | eta: 0:00:20.073424 | delta: 0:01:45.385483 | avg: 0:00:02.509178
[43 of 50] SRE
Saved: /home/qcx201/Projects/daytrade/data/chart/chart-sre.json
Saved: /home/qcx201/Projects/daytrade/data/summary/summary-sre.json
now: 2025-04-23 23:24:55.854343 | eta: 0:00:17.565877 | delta: 0:01:47.904658 | avg: 0:00:02.509411
[44 of 50] FDX
Saved: /home/qcx201/Projects/daytrade/data/chart/chart-fdx.json
Saved: /home/qcx201/Projects/daytrade/data/summary/summary-fdx.json
now: 2025-04-23 23:24:58.387888 | eta: 0:00:15.059754 | delta: 0:01:50.438203 | avg: 0:00:02.509959
[45 of 50] KMB
Saved: /home/qcx201/Projects/daytrade/data/chart/chart-kmb.json
Saved: /home/qcx201/Projects/daytrade/data/summary/summary-kmb.json
now: 2025-04-23 23:25:01.055060 | eta: 0:00:12.567265 | delta: 0:01:53.105375 | avg: 0:00:02.513453
[46 of 50] FICO
Saved: /home/qcx201/Projects/daytrade/data/chart/chart-fico.json
Saved: /home/qcx201/Projects/daytrade/data/summary/summary-fico.json
now: 2025-04-23 23:25:03.343797 | eta: 0:00:10.034272 | delta: 0:01:55.394112 | avg: 0:00:02.508568
[47 of 50] ROST
Saved: /home/qcx201/Projects/daytrade/data/chart/chart-rost.json
Saved: /home/qcx201/Projects/daytrade/data/summary/summary-rost.json
now: 2025-04-23 23:25:06.088156 | eta: 0:00:07.540752 | delta: 0:01:58.138471 | avg: 0:00:02.513584
[48 of 50] CCI
Saved: /home/qcx201/Projects/daytrade/data/chart/chart-cci.json
Saved: /home/qcx201/Projects/daytrade/data/summary/summary-cci.json
now: 2025-04-23 23:25:08.479870 | eta: 0:00:05.022092 | delta: 0:02:00.530185 | avg: 0:00:02.511046
[49 of 50] AMP
Saved: /home/qcx201/Projects/daytrade/data/chart/chart-amp.json
Saved: /home/qcx201/Projects/daytrade/data/summary/summary-amp.json
now: 2025-04-23 23:25:10.957303 | eta: 0:00:02.510360 | delta: 0:02:03.007618 | avg: 0:00:02.510360
[50 of 50] GM
Saved: /home/qcx201/Projects/daytrade/data/chart/chart-gm.json
Saved: /home/qcx201/Projects/daytrade/data/summary/summary-gm.json
now: 2025-04-23 23:25:13.052178 | eta: 0:00:00 | delta: 0:02:05.102493 | avg: 0:00:02.502050
-- Complete --
