[1 of 50] CI
Saved: /home/qcx201/Projects/daytrade/data/chart/chart-ci.json
Saved: /home/qcx201/Projects/daytrade/data/summary/summary-ci.json
now: 2025-04-23 23:23:10.676498 | eta: 0:02:17.331026 | delta: 0:00:02.802674 | avg: 0:00:02.802674
[2 of 50] BX
Saved: /home/qcx201/Projects/daytrade/data/chart/chart-bx.json
Saved: /home/qcx201/Projects/daytrade/data/summary/summary-bx.json
now: 2025-04-23 23:23:12.923022 | eta: 0:02:01.180752 | delta: 0:00:05.049198 | avg: 0:00:02.524599
[3 of 50] CRWD
Saved: /home/qcx201/Projects/daytrade/data/chart/chart-crwd.json
Saved: /home/qcx201/Projects/daytrade/data/summary/summary-crwd.json
now: 2025-04-23 23:23:14.846970 | eta: 0:01:49.245954 | delta: 0:00:06.973146 | avg: 0:00:02.324382
[4 of 50] GEV
Saved: /home/qcx201/Projects/daytrade/data/chart/chart-gev.json
Saved: /home/qcx201/Projects/daytrade/data/summary/summary-gev.json
now: 2025-04-23 23:23:16.589816 | eta: 0:01:40.233908 | delta: 0:00:08.715992 | avg: 0:00:02.178998
[5 of 50] WELL
Saved: /home/qcx201/Projects/daytrade/data/chart/chart-well.json
Saved: /home/qcx201/Projects/daytrade/data/summary/summary-well.json
now: 2025-04-23 23:23:19.221426 | eta: 0:01:42.128400 | delta: 0:00:11.347602 | avg: 0:00:02.269520
[6 of 50] ADI
Saved: /home/qcx201/Projects/daytrade/data/chart/chart-adi.json
Saved: /home/qcx201/Projects/daytrade/data/summary/summary-adi.json
now: 2025-04-23 23:23:21.816698 | eta: 0:01:42.247728 | delta: 0:00:13.942874 | avg: 0:00:02.323812
[7 of 50] MDLZ
Saved: /home/qcx201/Projects/daytrade/data/chart/chart-mdlz.json
Saved: /home/qcx201/Projects/daytrade/data/summary/summary-mdlz.json
now: 2025-04-23 23:23:24.285371 | eta: 0:01:40.813801 | delta: 0:00:16.411547 | avg: 0:00:02.344507
[8 of 50] MCK
Saved: /home/qcx201/Projects/daytrade/data/chart/chart-mck.json
Saved: /home/qcx201/Projects/daytrade/data/summary/summary-mck.json
now: 2025-04-23 23:23:26.892140 | eta: 0:01:39.846180 | delta: 0:00:19.018316 | avg: 0:00:02.377290
[9 of 50] KLAC
Saved: /home/qcx201/Projects/daytrade/data/chart/chart-klac.json
Saved: /home/qcx201/Projects/daytrade/data/summary/summary-klac.json
now: 2025-04-23 23:23:29.486638 | eta: 0:01:38.458384 | delta: 0:00:21.612814 | avg: 0:00:02.401424
[10 of 50] INTC
Saved: /home/qcx201/Projects/daytrade/data/chart/chart-intc.json
Saved: /home/qcx201/Projects/daytrade/data/summary/summary-intc.json
now: 2025-04-23 23:23:32.318239 | eta: 0:01:37.777680 | delta: 0:00:24.444415 | avg: 0:00:02.444442
[11 of 50] AJG
Saved: /home/qcx201/Projects/daytrade/data/chart/chart-ajg.json
Saved: /home/qcx201/Projects/daytrade/data/summary/summary-ajg.json
now: 2025-04-23 23:23:34.675558 | eta: 0:01:35.024319 | delta: 0:00:26.801734 | avg: 0:00:02.436521
[12 of 50] WM
Saved: /home/qcx201/Projects/daytrade/data/chart/chart-wm.json
Saved: /home/qcx201/Projects/daytrade/data/summary/summary-wm.json
now: 2025-04-23 23:23:37.238337 | eta: 0:01:32.987634 | delta: 0:00:29.364513 | avg: 0:00:02.447043
[13 of 50] CVS
Saved: /home/qcx201/Projects/daytrade/data/chart/chart-cvs.json
Saved: /home/qcx201/Projects/daytrade/data/summary/summary-cvs.json
now: 2025-04-23 23:23:39.950932 | eta: 0:01:31.296390 | delta: 0:00:32.077108 | avg: 0:00:02.467470
[14 of 50] LRCX
Saved: /home/qcx201/Projects/daytrade/data/chart/chart-lrcx.json
Saved: /home/qcx201/Projects/daytrade/data/summary/summary-lrcx.json
now: 2025-04-23 23:23:42.311199 | eta: 0:01:28.553232 | delta: 0:00:34.437375 | avg: 0:00:02.459812
[15 of 50] ORLY
Saved: /home/qcx201/Projects/daytrade/data/chart/chart-orly.json
Saved: /home/qcx201/Projects/daytrade/data/summary/summary-orly.json
now: 2025-04-23 23:23:44.771578 | eta: 0:01:26.094750 | delta: 0:00:36.897754 | avg: 0:00:02.459850
[16 of 50] AON
Saved: /home/qcx201/Projects/daytrade/data/chart/chart-aon.json
Saved: /home/qcx201/Projects/daytrade/data/summary/summary-aon.json
now: 2025-04-23 23:23:47.270443 | eta: 0:01:23.717826 | delta: 0:00:39.396619 | avg: 0:00:02.462289
[17 of 50] APH
Saved: /home/qcx201/Projects/daytrade/data/chart/chart-aph.json
Saved: /home/qcx201/Projects/daytrade/data/summary/summary-aph.json
now: 2025-04-23 23:23:49.787826 | eta: 0:01:21.362490 | delta: 0:00:41.914002 | avg: 0:00:02.465530
[18 of 50] MU
Saved: /home/qcx201/Projects/daytrade/data/chart/chart-mu.json
Saved: /home/qcx201/Projects/daytrade/data/summary/summary-mu.json
now: 2025-04-23 23:23:52.371408 | eta: 0:01:19.106816 | delta: 0:00:44.497584 | avg: 0:00:02.472088
[19 of 50] CL
Saved: /home/qcx201/Projects/daytrade/data/chart/chart-cl.json
Saved: /home/qcx201/Projects/daytrade/data/summary/summary-cl.json
now: 2025-04-23 23:23:55.149464 | eta: 0:01:17.133952 | delta: 0:00:47.275640 | avg: 0:00:02.488192
[20 of 50] EQIX
Saved: /home/qcx201/Projects/daytrade/data/chart/chart-eqix.json
Saved: /home/qcx201/Projects/daytrade/data/summary/summary-eqix.json
now: 2025-04-23 23:23:57.511352 | eta: 0:01:14.456280 | delta: 0:00:49.637528 | avg: 0:00:02.481876
[21 of 50] SHW
Saved: /home/qcx201/Projects/daytrade/data/chart/chart-shw.json
Saved: /home/qcx201/Projects/daytrade/data/summary/summary-shw.json
now: 2025-04-23 23:23:59.976604 | eta: 0:01:11.951465 | delta: 0:00:52.102780 | avg: 0:00:02.481085
[22 of 50] TT
Saved: /home/qcx201/Projects/daytrade/data/chart/chart-tt.json
Saved: /home/qcx201/Projects/daytrade/data/summary/summary-tt.json
now: 2025-04-23 23:24:02.529084 | eta: 0:01:09.561240 | delta: 0:00:54.655260 | avg: 0:00:02.484330
[23 of 50] MMM
Saved: /home/qcx201/Projects/daytrade/data/chart/chart-mmm.json
Saved: /home/qcx201/Projects/daytrade/data/summary/summary-mmm.json
now: 2025-04-23 23:24:05.307300 | eta: 0:01:07.421916 | delta: 0:00:57.433476 | avg: 0:00:02.497108
[24 of 50] TDG
Saved: /home/qcx201/Projects/daytrade/data/chart/chart-tdg.json
Saved: /home/qcx201/Projects/daytrade/data/summary/summary-tdg.json
now: 2025-04-23 23:24:07.396081 | eta: 0:01:04.482444 | delta: 0:00:59.522257 | avg: 0:00:02.480094
[25 of 50] PH
Saved: /home/qcx201/Projects/daytrade/data/chart/chart-ph.json
Saved: /home/qcx201/Projects/daytrade/data/summary/summary-ph.json
now: 2025-04-23 23:24:10.142207 | eta: 0:01:02.268375 | delta: 0:01:02.268383 | avg: 0:00:02.490735
[26 of 50] WMB
Saved: /home/qcx201/Projects/daytrade/data/chart/chart-wmb.json
Saved: /home/qcx201/Projects/daytrade/data/summary/summary-wmb.json
now: 2025-04-23 23:24:12.933033 | eta: 0:01:00.054648 | delta: 0:01:05.059209 | avg: 0:00:02.502277
[27 of 50] ANET
Saved: /home/qcx201/Projects/daytrade/data/chart/chart-anet.json
Saved: /home/qcx201/Projects/daytrade/data/summary/summary-anet.json
now: 2025-04-23 23:24:15.179140 | eta: 0:00:57.334147 | delta: 0:01:07.305316 | avg: 0:00:02.492789
[28 of 50] UPS
Saved: /home/qcx201/Projects/daytrade/data/chart/chart-ups.json
Saved: /home/qcx201/Projects/daytrade/data/summary/summary-ups.json
now: 2025-04-23 23:24:17.469001 | eta: 0:00:54.681924 | delta: 0:01:09.595177 | avg: 0:00:02.485542
[29 of 50] CDNS
Saved: /home/qcx201/Projects/daytrade/data/chart/chart-cdns.json
Saved: /home/qcx201/Projects/daytrade/data/summary/summary-cdns.json
now: 2025-04-23 23:24:19.850901 | eta: 0:00:52.121328 | delta: 0:01:11.977077 | avg: 0:00:02.481968
[30 of 50] CTAS
Saved: /home/qcx201/Projects/daytrade/data/chart/chart-ctas.json
Saved: /home/qcx201/Projects/daytrade/data/summary/summary-ctas.json
now: 2025-04-23 23:24:22.389143 | eta: 0:00:49.676880 | delta: 0:01:14.515319 | avg: 0:00:02.483844
[31 of 50] MSI
Saved: /home/qcx201/Projects/daytrade/data/chart/chart-msi.json
Saved: /home/qcx201/Projects/daytrade/data/summary/summary-msi.json
now: 2025-04-23 23:24:25.243334 | eta: 0:00:47.420029 | delta: 0:01:17.369510 | avg: 0:00:02.495791
[32 of 50] GD
Saved: /home/qcx201/Projects/daytrade/data/chart/chart-gd.json
Saved: /home/qcx201/Projects/daytrade/data/summary/summary-gd.json
now: 2025-04-23 23:24:28.217034 | eta: 0:00:45.193050 | delta: 0:01:20.343210 | avg: 0:00:02.510725
[33 of 50] KKR
Saved: /home/qcx201/Projects/daytrade/data/chart/chart-kkr.json
Saved: /home/qcx201/Projects/daytrade/data/summary/summary-kkr.json
now: 2025-04-23 23:24:30.394838 | eta: 0:00:42.510829 | delta: 0:01:22.521014 | avg: 0:00:02.500637
[34 of 50] NKE
Saved: /home/qcx201/Projects/daytrade/data/chart/chart-nke.json
Saved: /home/qcx201/Projects/daytrade/data/summary/summary-nke.json
now: 2025-04-23 23:24:32.985144 | eta: 0:00:40.052384 | delta: 0:01:25.111320 | avg: 0:00:02.503274
[35 of 50] ZTS
Saved: /home/qcx201/Projects/daytrade/data/chart/chart-zts.json
Saved: /home/qcx201/Projects/daytrade/data/summary/summary-zts.json
now: 2025-04-23 23:24:35.185009 | eta: 0:00:37.419075 | delta: 0:01:27.311185 | avg: 0:00:02.494605
[36 of 50] MCO
Saved: /home/qcx201/Projects/daytrade/data/chart/chart-mco.json
Saved: /home/qcx201/Projects/daytrade/data/summary/summary-mco.json
now: 2025-04-23 23:24:37.753972 | eta: 0:00:34.953394 | delta: 0:01:29.880148 | avg: 0:00:02.496671
[37 of 50] COF
Saved: /home/qcx201/Projects/daytrade/data/chart/chart-cof.json
Saved: /home/qcx201/Projects/daytrade/data/summary/summary-cof.json
now: 2025-04-23 23:24:40.197610 | eta: 0:00:32.438081 | delta: 0:01:32.323786 | avg: 0:00:02.495237
[38 of 50] SNPS
Saved: /home/qcx201/Projects/daytrade/data/chart/chart-snps.json
Saved: /home/qcx201/Projects/daytrade/data/summary/summary-snps.json
now: 2025-04-23 23:24:42.491680 | eta: 0:00:29.879328 | delta: 0:01:34.617856 | avg: 0:00:02.489944
[39 of 50] CMG
Saved: /home/qcx201/Projects/daytrade/data/chart/chart-cmg.json
Saved: /home/qcx201/Projects/daytrade/data/summary/summary-cmg.json
now: 2025-04-23 23:24:44.509353 | eta: 0:00:27.256174 | delta: 0:01:36.635529 | avg: 0:00:02.477834
[40 of 50] NOC
Saved: /home/qcx201/Projects/daytrade/data/chart/chart-noc.json
Saved: /home/qcx201/Projects/daytrade/data/summary/summary-noc.json
now: 2025-04-23 23:24:47.090495 | eta: 0:00:24.804170 | delta: 0:01:39.216671 | avg: 0:00:02.480417
[41 of 50] ITW
Saved: /home/qcx201/Projects/daytrade/data/chart/chart-itw.json
Saved: /home/qcx201/Projects/daytrade/data/summary/summary-itw.json
now: 2025-04-23 23:24:50.408784 | eta: 0:00:22.507677 | delta: 0:01:42.534960 | avg: 0:00:02.500853
[42 of 50] CEG
Saved: /home/qcx201/Projects/daytrade/data/chart/chart-ceg.json
Saved: /home/qcx201/Projects/daytrade/data/summary/summary-ceg.json
now: 2025-04-23 23:24:52.103042 | eta: 0:00:19.853184 | delta: 0:01:44.229218 | avg: 0:00:02.481648
[43 of 50] EOG
Saved: /home/qcx201/Projects/daytrade/data/chart/chart-eog.json
Saved: /home/qcx201/Projects/daytrade/data/summary/summary-eog.json
now: 2025-04-23 23:24:54.819356 | eta: 0:00:17.409735 | delta: 0:01:46.945532 | avg: 0:00:02.487105
[44 of 50] NEM
Saved: /home/qcx201/Projects/daytrade/data/chart/chart-nem.json
Saved: /home/qcx201/Projects/daytrade/data/summary/summary-nem.json
now: 2025-04-23 23:24:57.406508 | eta: 0:00:14.936274 | delta: 0:01:49.532684 | avg: 0:00:02.489379
[45 of 50] AZO
Saved: /home/qcx201/Projects/daytrade/data/chart/chart-azo.json
Saved: /home/qcx201/Projects/daytrade/data/summary/summary-azo.json
now: 2025-04-23 23:24:59.523241 | eta: 0:00:12.405490 | delta: 0:01:51.649417 | avg: 0:00:02.481098
[46 of 50] REGN
Saved: /home/qcx201/Projects/daytrade/data/chart/chart-regn.json
Saved: /home/qcx201/Projects/daytrade/data/summary/summary-regn.json
now: 2025-04-23 23:25:01.912428 | eta: 0:00:09.916400 | delta: 0:01:54.038604 | avg: 0:00:02.479100
[47 of 50] PNC
Saved: /home/qcx201/Projects/daytrade/data/chart/chart-pnc.json
Saved: /home/qcx201/Projects/daytrade/data/summary/summary-pnc.json
now: 2025-04-23 23:25:04.308088 | eta: 0:00:07.431975 | delta: 0:01:56.434264 | avg: 0:00:02.477325
[48 of 50] USB
Saved: /home/qcx201/Projects/daytrade/data/chart/chart-usb.json
Saved: /home/qcx201/Projects/daytrade/data/summary/summary-usb.json
now: 2025-04-23 23:25:06.921469 | eta: 0:00:04.960318 | delta: 0:01:59.047645 | avg: 0:00:02.480159
[49 of 50] PYPL
Saved: /home/qcx201/Projects/daytrade/data/chart/chart-pypl.json
Saved: /home/qcx201/Projects/daytrade/data/summary/summary-pypl.json
now: 2025-04-23 23:25:08.913701 | eta: 0:00:02.470202 | delta: 0:02:01.039877 | avg: 0:00:02.470202
[50 of 50] FTNT
Saved: /home/qcx201/Projects/daytrade/data/chart/chart-ftnt.json
Saved: /home/qcx201/Projects/daytrade/data/summary/summary-ftnt.json
now: 2025-04-23 23:25:11.112045 | eta: 0:00:00 | delta: 0:02:03.238221 | avg: 0:00:02.464764
-- Complete --
