[1 of 50] CAH
Saved: /home/qcx201/Projects/daytrade/data/chart/chart-cah.json
Saved: /home/qcx201/Projects/daytrade/data/summary/summary-cah.json
now: 2025-04-23 23:23:10.595329 | eta: 0:02:04.312412 | delta: 0:00:02.536988 | avg: 0:00:02.536988
[2 of 50] GLW
Saved: /home/qcx201/Projects/daytrade/data/chart/chart-glw.json
Saved: /home/qcx201/Projects/daytrade/data/summary/summary-glw.json
now: 2025-04-23 23:23:13.205743 | eta: 0:02:03.537648 | delta: 0:00:05.147402 | avg: 0:00:02.573701
[3 of 50] EBAY
Saved: /home/qcx201/Projects/daytrade/data/chart/chart-ebay.json
Saved: /home/qcx201/Projects/daytrade/data/summary/summary-ebay.json
now: 2025-04-23 23:23:15.321047 | eta: 0:01:53.782394 | delta: 0:00:07.262706 | avg: 0:00:02.420902
[4 of 50] CHTR
Saved: /home/qcx201/Projects/daytrade/data/chart/chart-chtr.json
Saved: /home/qcx201/Projects/daytrade/data/summary/summary-chtr.json
now: 2025-04-23 23:23:17.771722 | eta: 0:01:51.703870 | delta: 0:00:09.713381 | avg: 0:00:02.428345
[5 of 50] GIS
Saved: /home/qcx201/Projects/daytrade/data/chart/chart-gis.json
Saved: /home/qcx201/Projects/daytrade/data/summary/summary-gis.json
now: 2025-04-23 23:23:20.435444 | eta: 0:01:51.393945 | delta: 0:00:12.377103 | avg: 0:00:02.475421
[6 of 50] VMC
Saved: /home/qcx201/Projects/daytrade/data/chart/chart-vmc.json
Saved: /home/qcx201/Projects/daytrade/data/summary/summary-vmc.json
now: 2025-04-23 23:23:23.237888 | eta: 0:01:51.316656 | delta: 0:00:15.179547 | avg: 0:00:02.529924
[7 of 50] RMD
Saved: /home/qcx201/Projects/daytrade/data/chart/chart-rmd.json
Saved: /home/qcx201/Projects/daytrade/data/summary/summary-rmd.json
now: 2025-04-23 23:23:25.458839 | eta: 0:01:46.888755 | delta: 0:00:17.400498 | avg: 0:00:02.485785
[8 of 50] HUM
Saved: /home/qcx201/Projects/daytrade/data/chart/chart-hum.json
Saved: /home/qcx201/Projects/daytrade/data/summary/summary-hum.json
now: 2025-04-23 23:23:28.139545 | eta: 0:01:45.426300 | delta: 0:00:20.081204 | avg: 0:00:02.510150
[9 of 50] IT
Saved: /home/qcx201/Projects/daytrade/data/chart/chart-it.json
Saved: /home/qcx201/Projects/daytrade/data/summary/summary-it.json
now: 2025-04-23 23:23:30.469744 | eta: 0:01:42.096396 | delta: 0:00:22.411403 | avg: 0:00:02.490156
[10 of 50] EFX
Saved: /home/qcx201/Projects/daytrade/data/chart/chart-efx.json
Saved: /home/qcx201/Projects/daytrade/data/summary/summary-efx.json
now: 2025-04-23 23:23:33.087555 | eta: 0:01:40.116840 | delta: 0:00:25.029214 | avg: 0:00:02.502921
[11 of 50] NDAQ
Saved: /home/qcx201/Projects/daytrade/data/chart/chart-ndaq.json
Saved: /home/qcx201/Projects/daytrade/data/summary/summary-ndaq.json
now: 2025-04-23 23:23:35.428486 | eta: 0:01:37.039605 | delta: 0:00:27.370145 | avg: 0:00:02.488195
[12 of 50] EXR
Saved: /home/qcx201/Projects/daytrade/data/chart/chart-exr.json
Saved: /home/qcx201/Projects/daytrade/data/summary/summary-exr.json
now: 2025-04-23 23:23:37.651306 | eta: 0:01:33.711040 | delta: 0:00:29.592965 | avg: 0:00:02.466080
[13 of 50] MLM
Saved: /home/qcx201/Projects/daytrade/data/chart/chart-mlm.json
Saved: /home/qcx201/Projects/daytrade/data/summary/summary-mlm.json
now: 2025-04-23 23:23:40.022668 | eta: 0:01:30.975378 | delta: 0:00:31.964327 | avg: 0:00:02.458794
[14 of 50] CNC
Saved: /home/qcx201/Projects/daytrade/data/chart/chart-cnc.json
Saved: /home/qcx201/Projects/daytrade/data/summary/summary-cnc.json
now: 2025-04-23 23:23:41.982796 | eta: 0:01:27.234300 | delta: 0:00:33.924455 | avg: 0:00:02.423175
[15 of 50] VTR
Saved: /home/qcx201/Projects/daytrade/data/chart/chart-vtr.json
Saved: /home/qcx201/Projects/daytrade/data/summary/summary-vtr.json
now: 2025-04-23 23:23:44.779062 | eta: 0:01:25.681680 | delta: 0:00:36.720721 | avg: 0:00:02.448048
[16 of 50] GRMN
Saved: /home/qcx201/Projects/daytrade/data/chart/chart-grmn.json
Saved: /home/qcx201/Projects/daytrade/data/summary/summary-grmn.json
now: 2025-04-23 23:23:47.218637 | eta: 0:01:23.215612 | delta: 0:00:39.160296 | avg: 0:00:02.447518
[17 of 50] WAB
Saved: /home/qcx201/Projects/daytrade/data/chart/chart-wab.json
Saved: /home/qcx201/Projects/daytrade/data/summary/summary-wab.json
now: 2025-04-23 23:23:49.764759 | eta: 0:01:20.959527 | delta: 0:00:41.706418 | avg: 0:00:02.453319
[18 of 50] AVB
Saved: /home/qcx201/Projects/daytrade/data/chart/chart-avb.json
Saved: /home/qcx201/Projects/daytrade/data/summary/summary-avb.json
now: 2025-04-23 23:23:52.509536 | eta: 0:01:19.024352 | delta: 0:00:44.451195 | avg: 0:00:02.469511
[19 of 50] A
Saved: /home/qcx201/Projects/daytrade/data/chart/chart-a.json
Saved: /home/qcx201/Projects/daytrade/data/summary/summary-a.json
now: 2025-04-23 23:23:54.693170 | eta: 0:01:16.088415 | delta: 0:00:46.634829 | avg: 0:00:02.454465
[20 of 50] LULU
Saved: /home/qcx201/Projects/daytrade/data/chart/chart-lulu.json
Saved: /home/qcx201/Projects/daytrade/data/summary/summary-lulu.json
now: 2025-04-23 23:23:56.761124 | eta: 0:01:13.054170 | delta: 0:00:48.702783 | avg: 0:00:02.435139
[21 of 50] IR
Saved: /home/qcx201/Projects/daytrade/data/chart/chart-ir.json
Saved: /home/qcx201/Projects/daytrade/data/summary/summary-ir.json
now: 2025-04-23 23:23:58.782201 | eta: 0:01:10.047238 | delta: 0:00:50.723860 | avg: 0:00:02.415422
[22 of 50] AWK
Saved: /home/qcx201/Projects/daytrade/data/chart/chart-awk.json
Saved: /home/qcx201/Projects/daytrade/data/summary/summary-awk.json
now: 2025-04-23 23:24:00.796115 | eta: 0:01:07.120816 | delta: 0:00:52.737774 | avg: 0:00:02.397172
[23 of 50] STZ
Saved: /home/qcx201/Projects/daytrade/data/chart/chart-stz.json
Saved: /home/qcx201/Projects/daytrade/data/summary/summary-stz.json
now: 2025-04-23 23:24:02.956419 | eta: 0:01:04.445571 | delta: 0:00:54.898078 | avg: 0:00:02.386873
[24 of 50] EQT
Saved: /home/qcx201/Projects/daytrade/data/chart/chart-eqt.json
Saved: /home/qcx201/Projects/daytrade/data/summary/summary-eqt.json
now: 2025-04-23 23:24:05.516686 | eta: 0:01:02.246548 | delta: 0:00:57.458345 | avg: 0:00:02.394098
[25 of 50] ODFL
Saved: /home/qcx201/Projects/daytrade/data/chart/chart-odfl.json
Saved: /home/qcx201/Projects/daytrade/data/summary/summary-odfl.json
now: 2025-04-23 23:24:07.742040 | eta: 0:00:59.683700 | delta: 0:00:59.683699 | avg: 0:00:02.387348
[26 of 50] GEHC
Saved: /home/qcx201/Projects/daytrade/data/chart/chart-gehc.json
Saved: /home/qcx201/Projects/daytrade/data/summary/summary-gehc.json
now: 2025-04-23 23:24:09.450318 | eta: 0:00:56.669520 | delta: 0:01:01.391977 | avg: 0:00:02.361230
[27 of 50] DTE
Saved: /home/qcx201/Projects/daytrade/data/chart/chart-dte.json
Saved: /home/qcx201/Projects/daytrade/data/summary/summary-dte.json
now: 2025-04-23 23:24:12.232803 | eta: 0:00:54.667136 | delta: 0:01:04.174462 | avg: 0:00:02.376832
[28 of 50] BRO
Saved: /home/qcx201/Projects/daytrade/data/chart/chart-bro.json
Saved: /home/qcx201/Projects/daytrade/data/summary/summary-bro.json
now: 2025-04-23 23:24:14.975278 | eta: 0:00:52.577602 | delta: 0:01:06.916937 | avg: 0:00:02.389891
[29 of 50] BR
Saved: /home/qcx201/Projects/daytrade/data/chart/chart-br.json
Saved: /home/qcx201/Projects/daytrade/data/summary/summary-br.json
now: 2025-04-23 23:24:17.172098 | eta: 0:00:50.047893 | delta: 0:01:09.113757 | avg: 0:00:02.383233
[30 of 50] XYL
Saved: /home/qcx201/Projects/daytrade/data/chart/chart-xyl.json
Saved: /home/qcx201/Projects/daytrade/data/summary/summary-xyl.json
now: 2025-04-23 23:24:19.187315 | eta: 0:00:47.419320 | delta: 0:01:11.128974 | avg: 0:00:02.370966
[31 of 50] OXY
Saved: /home/qcx201/Projects/daytrade/data/chart/chart-oxy.json
Saved: /home/qcx201/Projects/daytrade/data/summary/summary-oxy.json
now: 2025-04-23 23:24:21.707053 | eta: 0:00:45.139535 | delta: 0:01:13.648712 | avg: 0:00:02.375765
[32 of 50] MTB
Saved: /home/qcx201/Projects/daytrade/data/chart/chart-mtb.json
Saved: /home/qcx201/Projects/daytrade/data/summary/summary-mtb.json
now: 2025-04-23 23:24:24.335857 | eta: 0:00:42.906096 | delta: 0:01:16.277516 | avg: 0:00:02.383672
[33 of 50] TSCO
Saved: /home/qcx201/Projects/daytrade/data/chart/chart-tsco.json
Saved: /home/qcx201/Projects/daytrade/data/summary/summary-tsco.json
now: 2025-04-23 23:24:26.690822 | eta: 0:00:40.507634 | delta: 0:01:18.632481 | avg: 0:00:02.382802
[34 of 50] AEE
Saved: /home/qcx201/Projects/daytrade/data/chart/chart-aee.json
Saved: /home/qcx201/Projects/daytrade/data/summary/summary-aee.json
now: 2025-04-23 23:24:28.914771 | eta: 0:00:38.050080 | delta: 0:01:20.856430 | avg: 0:00:02.378130
[35 of 50] PPL
Saved: /home/qcx201/Projects/daytrade/data/chart/chart-ppl.json
Saved: /home/qcx201/Projects/daytrade/data/summary/summary-ppl.json
now: 2025-04-23 23:24:31.681028 | eta: 0:00:35.838300 | delta: 0:01:23.622687 | avg: 0:00:02.389220
[36 of 50] ANSS
Saved: /home/qcx201/Projects/daytrade/data/chart/chart-anss.json
Saved: /home/qcx201/Projects/daytrade/data/summary/summary-anss.json
now: 2025-04-23 23:24:34.124570 | eta: 0:00:33.470206 | delta: 0:01:26.066229 | avg: 0:00:02.390729
[37 of 50] ROK
Saved: /home/qcx201/Projects/daytrade/data/chart/chart-rok.json
Saved: /home/qcx201/Projects/daytrade/data/summary/summary-rok.json
now: 2025-04-23 23:24:36.994362 | eta: 0:00:31.247788 | delta: 0:01:28.936021 | avg: 0:00:02.403676
[38 of 50] KHC
Saved: /home/qcx201/Projects/daytrade/data/chart/chart-khc.json
Saved: /home/qcx201/Projects/daytrade/data/summary/summary-khc.json
now: 2025-04-23 23:24:38.909026 | eta: 0:00:28.689696 | delta: 0:01:30.850685 | avg: 0:00:02.390808
[39 of 50] DELL
Saved: /home/qcx201/Projects/daytrade/data/chart/chart-dell.json
Saved: /home/qcx201/Projects/daytrade/data/summary/summary-dell.json
now: 2025-04-23 23:24:41.040432 | eta: 0:00:26.225716 | delta: 0:01:32.982091 | avg: 0:00:02.384156
[40 of 50] DXCM
Saved: /home/qcx201/Projects/daytrade/data/chart/chart-dxcm.json
Saved: /home/qcx201/Projects/daytrade/data/summary/summary-dxcm.json
now: 2025-04-23 23:24:43.200279 | eta: 0:00:23.785480 | delta: 0:01:35.141938 | avg: 0:00:02.378548
[41 of 50] DAL
Saved: /home/qcx201/Projects/daytrade/data/chart/chart-dal.json
Saved: /home/qcx201/Projects/daytrade/data/summary/summary-dal.json
now: 2025-04-23 23:24:45.624385 | eta: 0:00:21.416940 | delta: 0:01:37.566044 | avg: 0:00:02.379660
[42 of 50] DD
Saved: /home/qcx201/Projects/daytrade/data/chart/chart-dd.json
Saved: /home/qcx201/Projects/daytrade/data/summary/summary-dd.json
now: 2025-04-23 23:24:48.238908 | eta: 0:00:19.082016 | delta: 0:01:40.180567 | avg: 0:00:02.385252
[43 of 50] NUE
Saved: /home/qcx201/Projects/daytrade/data/chart/chart-nue.json
Saved: /home/qcx201/Projects/daytrade/data/summary/summary-nue.json
now: 2025-04-23 23:24:50.962317 | eta: 0:00:16.751812 | delta: 0:01:42.903976 | avg: 0:00:02.393116
[44 of 50] FANG
Saved: /home/qcx201/Projects/daytrade/data/chart/chart-fang.json
Saved: /home/qcx201/Projects/daytrade/data/summary/summary-fang.json
now: 2025-04-23 23:24:53.107484 | eta: 0:00:14.324886 | delta: 0:01:45.049143 | avg: 0:00:02.387481
[45 of 50] ATO
Saved: /home/qcx201/Projects/daytrade/data/chart/chart-ato.json
Saved: /home/qcx201/Projects/daytrade/data/summary/summary-ato.json
now: 2025-04-23 23:24:55.474710 | eta: 0:00:11.935150 | delta: 0:01:47.416369 | avg: 0:00:02.387030
[46 of 50] CHD
Saved: /home/qcx201/Projects/daytrade/data/chart/chart-chd.json
Saved: /home/qcx201/Projects/daytrade/data/summary/summary-chd.json
now: 2025-04-23 23:24:57.894358 | eta: 0:00:09.550960 | delta: 0:01:49.836017 | avg: 0:00:02.387740
[47 of 50] LEN
Saved: /home/qcx201/Projects/daytrade/data/chart/chart-len.json
Saved: /home/qcx201/Projects/daytrade/data/summary/summary-len.json
now: 2025-04-23 23:25:00.445742 | eta: 0:00:07.173663 | delta: 0:01:52.387401 | avg: 0:00:02.391221
[48 of 50] SBAC
Saved: /home/qcx201/Projects/daytrade/data/chart/chart-sbac.json
Saved: /home/qcx201/Projects/daytrade/data/summary/summary-sbac.json
now: 2025-04-23 23:25:02.909724 | eta: 0:00:04.785474 | delta: 0:01:54.851383 | avg: 0:00:02.392737
[49 of 50] HSY
Saved: /home/qcx201/Projects/daytrade/data/chart/chart-hsy.json
Saved: /home/qcx201/Projects/daytrade/data/summary/summary-hsy.json
now: 2025-04-23 23:25:05.538691 | eta: 0:00:02.397558 | delta: 0:01:57.480350 | avg: 0:00:02.397558
[50 of 50] TPL
Saved: /home/qcx201/Projects/daytrade/data/chart/chart-tpl.json
Saved: /home/qcx201/Projects/daytrade/data/summary/summary-tpl.json
now: 2025-04-23 23:25:07.859016 | eta: 0:00:00 | delta: 0:01:59.800675 | avg: 0:00:02.396014
-- Complete --
