[1 of 50] ON
Saved: /home/qcx201/Projects/daytrade/data/chart/chart-on.json
Saved: /home/qcx201/Projects/daytrade/data/summary/summary-on.json
now: 2025-04-23 23:23:10.273744 | eta: 0:01:42.536028 | delta: 0:00:02.092572 | avg: 0:00:02.092572
[2 of 50] FFIV
Saved: /home/qcx201/Projects/daytrade/data/chart/chart-ffiv.json
Saved: /home/qcx201/Projects/daytrade/data/summary/summary-ffiv.json
now: 2025-04-23 23:23:12.457706 | eta: 0:01:42.636816 | delta: 0:00:04.276534 | avg: 0:00:02.138267
[3 of 50] LUV
Saved: /home/qcx201/Projects/daytrade/data/chart/chart-luv.json
Saved: /home/qcx201/Projects/daytrade/data/summary/summary-luv.json
now: 2025-04-23 23:23:15.138703 | eta: 0:01:49.001319 | delta: 0:00:06.957531 | avg: 0:00:02.319177
[4 of 50] BAX
Saved: /home/qcx201/Projects/daytrade/data/chart/chart-bax.json
Saved: /home/qcx201/Projects/daytrade/data/summary/summary-bax.json
now: 2025-04-23 23:23:17.883421 | eta: 0:01:51.575852 | delta: 0:00:09.702249 | avg: 0:00:02.425562
[5 of 50] JBL
Saved: /home/qcx201/Projects/daytrade/data/chart/chart-jbl.json
Saved: /home/qcx201/Projects/daytrade/data/summary/summary-jbl.json
now: 2025-04-23 23:23:20.438161 | eta: 0:01:50.312910 | delta: 0:00:12.256989 | avg: 0:00:02.451398
[6 of 50] J
Saved: /home/qcx201/Projects/daytrade/data/chart/chart-j.json
Saved: /home/qcx201/Projects/daytrade/data/summary/summary-j.json
now: 2025-04-23 23:23:22.907102 | eta: 0:01:47.990168 | delta: 0:00:14.725930 | avg: 0:00:02.454322
[7 of 50] FSLR
Saved: /home/qcx201/Projects/daytrade/data/chart/chart-fslr.json
Saved: /home/qcx201/Projects/daytrade/data/summary/summary-fslr.json
now: 2025-04-23 23:23:24.920295 | eta: 0:01:42.826029 | delta: 0:00:16.739123 | avg: 0:00:02.391303
[8 of 50] BALL
Saved: /home/qcx201/Projects/daytrade/data/chart/chart-ball.json
Saved: /home/qcx201/Projects/daytrade/data/summary/summary-ball.json
now: 2025-04-23 23:23:27.403758 | eta: 0:01:40.918566 | delta: 0:00:19.222586 | avg: 0:00:02.402823
[9 of 50] OMC
Saved: /home/qcx201/Projects/daytrade/data/chart/chart-omc.json
Saved: /home/qcx201/Projects/daytrade/data/summary/summary-omc.json
now: 2025-04-23 23:23:30.377456 | eta: 0:01:41.116414 | delta: 0:00:22.196284 | avg: 0:00:02.466254
[10 of 50] PNR
Saved: /home/qcx201/Projects/daytrade/data/chart/chart-pnr.json
Saved: /home/qcx201/Projects/daytrade/data/summary/summary-pnr.json
now: 2025-04-23 23:23:33.062960 | eta: 0:01:39.527160 | delta: 0:00:24.881788 | avg: 0:00:02.488179
[11 of 50] TRMB
Saved: /home/qcx201/Projects/daytrade/data/chart/chart-trmb.json
Saved: /home/qcx201/Projects/daytrade/data/summary/summary-trmb.json
now: 2025-04-23 23:23:35.208527 | eta: 0:01:35.824248 | delta: 0:00:27.027355 | avg: 0:00:02.457032
[12 of 50] KEY
Saved: /home/qcx201/Projects/daytrade/data/chart/chart-key.json
Saved: /home/qcx201/Projects/daytrade/data/summary/summary-key.json
now: 2025-04-23 23:23:37.640617 | eta: 0:01:33.288252 | delta: 0:00:29.459445 | avg: 0:00:02.454954
[13 of 50] AVY
Saved: /home/qcx201/Projects/daytrade/data/chart/chart-avy.json
Saved: /home/qcx201/Projects/daytrade/data/summary/summary-avy.json
now: 2025-04-23 23:23:40.398632 | eta: 0:01:31.695842 | delta: 0:00:32.217460 | avg: 0:00:02.478266
[14 of 50] AMCR
Saved: /home/qcx201/Projects/daytrade/data/chart/chart-amcr.json
Saved: /home/qcx201/Projects/daytrade/data/summary/summary-amcr.json
now: 2025-04-23 23:23:42.465623 | eta: 0:01:28.160004 | delta: 0:00:34.284451 | avg: 0:00:02.448889
[15 of 50] KIM
Saved: /home/qcx201/Projects/daytrade/data/chart/chart-kim.json
Saved: /home/qcx201/Projects/daytrade/data/summary/summary-kim.json
now: 2025-04-23 23:23:45.039654 | eta: 0:01:26.003120 | delta: 0:00:36.858482 | avg: 0:00:02.457232
[16 of 50] TPR
Saved: /home/qcx201/Projects/daytrade/data/chart/chart-tpr.json
Saved: /home/qcx201/Projects/daytrade/data/summary/summary-tpr.json
now: 2025-04-23 23:23:47.469495 | eta: 0:01:23.487680 | delta: 0:00:39.288323 | avg: 0:00:02.455520
[17 of 50] BLDR
Saved: /home/qcx201/Projects/daytrade/data/chart/chart-bldr.json
Saved: /home/qcx201/Projects/daytrade/data/summary/summary-bldr.json
now: 2025-04-23 23:23:49.631597 | eta: 0:01:20.462580 | delta: 0:00:41.450425 | avg: 0:00:02.438260
[18 of 50] GEN
Saved: /home/qcx201/Projects/daytrade/data/chart/chart-gen.json
Saved: /home/qcx201/Projects/daytrade/data/summary/summary-gen.json
now: 2025-04-23 23:23:52.201379 | eta: 0:01:18.258144 | delta: 0:00:44.020207 | avg: 0:00:02.445567
[19 of 50] DOC
Saved: /home/qcx201/Projects/daytrade/data/chart/chart-doc.json
Saved: /home/qcx201/Projects/daytrade/data/summary/summary-doc.json
now: 2025-04-23 23:23:54.683547 | eta: 0:01:15.872283 | delta: 0:00:46.502375 | avg: 0:00:02.447493
[20 of 50] CF
Saved: /home/qcx201/Projects/daytrade/data/chart/chart-cf.json
Saved: /home/qcx201/Projects/daytrade/data/summary/summary-cf.json
now: 2025-04-23 23:23:56.624600 | eta: 0:01:12.665130 | delta: 0:00:48.443428 | avg: 0:00:02.422171
[21 of 50] EL
Saved: /home/qcx201/Projects/daytrade/data/chart/chart-el.json
Saved: /home/qcx201/Projects/daytrade/data/summary/summary-el.json
now: 2025-04-23 23:23:58.805835 | eta: 0:01:09.910242 | delta: 0:00:50.624663 | avg: 0:00:02.410698
[22 of 50] HOLX
Saved: /home/qcx201/Projects/daytrade/data/chart/chart-holx.json
Saved: /home/qcx201/Projects/daytrade/data/summary/summary-holx.json
now: 2025-04-23 23:24:00.951862 | eta: 0:01:07.162704 | delta: 0:00:52.770690 | avg: 0:00:02.398668
[23 of 50] MAS
Saved: /home/qcx201/Projects/daytrade/data/chart/chart-mas.json
Saved: /home/qcx201/Projects/daytrade/data/summary/summary-mas.json
now: 2025-04-23 23:24:03.750694 | eta: 0:01:05.233782 | delta: 0:00:55.569522 | avg: 0:00:02.416066
[24 of 50] WDC
Saved: /home/qcx201/Projects/daytrade/data/chart/chart-wdc.json
Saved: /home/qcx201/Projects/daytrade/data/summary/summary-wdc.json
now: 2025-04-23 23:24:06.238709 | eta: 0:01:02.895664 | delta: 0:00:58.057537 | avg: 0:00:02.419064
[25 of 50] JKHY
Saved: /home/qcx201/Projects/daytrade/data/chart/chart-jkhy.json
Saved: /home/qcx201/Projects/daytrade/data/summary/summary-jkhy.json
now: 2025-04-23 23:24:08.677641 | eta: 0:01:00.496475 | delta: 0:01:00.496469 | avg: 0:00:02.419859
[26 of 50] SJM
Saved: /home/qcx201/Projects/daytrade/data/chart/chart-sjm.json
Saved: /home/qcx201/Projects/daytrade/data/summary/summary-sjm.json
now: 2025-04-23 23:24:11.010802 | eta: 0:00:57.996576 | delta: 0:01:02.829630 | avg: 0:00:02.416524
[27 of 50] IEX
Saved: /home/qcx201/Projects/daytrade/data/chart/chart-iex.json
Saved: /home/qcx201/Projects/daytrade/data/summary/summary-iex.json
now: 2025-04-23 23:24:13.375361 | eta: 0:00:55.535800 | delta: 0:01:05.194189 | avg: 0:00:02.414600
[28 of 50] UDR
Saved: /home/qcx201/Projects/daytrade/data/chart/chart-udr.json
Saved: /home/qcx201/Projects/daytrade/data/summary/summary-udr.json
now: 2025-04-23 23:24:15.977384 | eta: 0:00:53.268446 | delta: 0:01:07.796212 | avg: 0:00:02.421293
[29 of 50] BBY
Saved: /home/qcx201/Projects/daytrade/data/chart/chart-bby.json
Saved: /home/qcx201/Projects/daytrade/data/summary/summary-bby.json
now: 2025-04-23 23:24:18.625924 | eta: 0:00:51.011709 | delta: 0:01:10.444752 | avg: 0:00:02.429129
[30 of 50] CAG
Saved: /home/qcx201/Projects/daytrade/data/chart/chart-cag.json
Saved: /home/qcx201/Projects/daytrade/data/summary/summary-cag.json
now: 2025-04-23 23:24:21.307290 | eta: 0:00:48.750740 | delta: 0:01:13.126118 | avg: 0:00:02.437537
[31 of 50] ALGN
Saved: /home/qcx201/Projects/daytrade/data/chart/chart-algn.json
Saved: /home/qcx201/Projects/daytrade/data/summary/summary-algn.json
now: 2025-04-23 23:24:23.620497 | eta: 0:00:46.237013 | delta: 0:01:15.439325 | avg: 0:00:02.433527
[32 of 50] CPT
Saved: /home/qcx201/Projects/daytrade/data/chart/chart-cpt.json
Saved: /home/qcx201/Projects/daytrade/data/summary/summary-cpt.json
now: 2025-04-23 23:24:26.020661 | eta: 0:00:43.784712 | delta: 0:01:17.839489 | avg: 0:00:02.432484
[33 of 50] APTV
Saved: /home/qcx201/Projects/daytrade/data/chart/chart-aptv.json
Saved: /home/qcx201/Projects/daytrade/data/summary/summary-aptv.json
now: 2025-04-23 23:24:28.232568 | eta: 0:00:41.238600 | delta: 0:01:20.051396 | avg: 0:00:02.425800
[34 of 50] TXT
Saved: /home/qcx201/Projects/daytrade/data/chart/chart-txt.json
Saved: /home/qcx201/Projects/daytrade/data/summary/summary-txt.json
now: 2025-04-23 23:24:30.997165 | eta: 0:00:38.972224 | delta: 0:01:22.815993 | avg: 0:00:02.435764
[35 of 50] REG
Saved: /home/qcx201/Projects/daytrade/data/chart/chart-reg.json
Saved: /home/qcx201/Projects/daytrade/data/summary/summary-reg.json
now: 2025-04-23 23:24:33.366554 | eta: 0:00:36.508020 | delta: 0:01:25.185382 | avg: 0:00:02.433868
[36 of 50] ARE
Saved: /home/qcx201/Projects/daytrade/data/chart/chart-are.json
Saved: /home/qcx201/Projects/daytrade/data/summary/summary-are.json
now: 2025-04-23 23:24:35.731633 | eta: 0:00:34.047398 | delta: 0:01:27.550461 | avg: 0:00:02.431957
[37 of 50] ZBRA
Saved: /home/qcx201/Projects/daytrade/data/chart/chart-zbra.json
Saved: /home/qcx201/Projects/daytrade/data/summary/summary-zbra.json
now: 2025-04-23 23:24:38.138733 | eta: 0:00:31.606705 | delta: 0:01:29.957561 | avg: 0:00:02.431285
[38 of 50] POOL
Saved: /home/qcx201/Projects/daytrade/data/chart/chart-pool.json
Saved: /home/qcx201/Projects/daytrade/data/summary/summary-pool.json
now: 2025-04-23 23:24:40.577813 | eta: 0:00:29.177892 | delta: 0:01:32.396641 | avg: 0:00:02.431491
[39 of 50] LVS
Saved: /home/qcx201/Projects/daytrade/data/chart/chart-lvs.json
Saved: /home/qcx201/Projects/daytrade/data/summary/summary-lvs.json
now: 2025-04-23 23:24:42.697913 | eta: 0:00:26.658566 | delta: 0:01:34.516741 | avg: 0:00:02.423506
[40 of 50] TER
Saved: /home/qcx201/Projects/daytrade/data/chart/chart-ter.json
Saved: /home/qcx201/Projects/daytrade/data/summary/summary-ter.json
now: 2025-04-23 23:24:45.261334 | eta: 0:00:24.270040 | delta: 0:01:37.080162 | avg: 0:00:02.427004
[41 of 50] JNPR
Saved: /home/qcx201/Projects/daytrade/data/chart/chart-jnpr.json
Saved: /home/qcx201/Projects/daytrade/data/summary/summary-jnpr.json
now: 2025-04-23 23:24:47.712343 | eta: 0:00:21.848310 | delta: 0:01:39.531171 | avg: 0:00:02.427590
[42 of 50] RVTY
Saved: /home/qcx201/Projects/daytrade/data/chart/chart-rvty.json
Saved: /home/qcx201/Projects/daytrade/data/summary/summary-rvty.json
now: 2025-04-23 23:24:50.531746 | eta: 0:00:19.495344 | delta: 0:01:42.350574 | avg: 0:00:02.436918
[43 of 50] AKAM
Saved: /home/qcx201/Projects/daytrade/data/chart/chart-akam.json
Saved: /home/qcx201/Projects/daytrade/data/summary/summary-akam.json
now: 2025-04-23 23:24:52.536925 | eta: 0:00:16.988146 | delta: 0:01:44.355753 | avg: 0:00:02.426878
[44 of 50] ALLE
Saved: /home/qcx201/Projects/daytrade/data/chart/chart-alle.json
Saved: /home/qcx201/Projects/daytrade/data/summary/summary-alle.json
now: 2025-04-23 23:24:54.696318 | eta: 0:00:14.524794 | delta: 0:01:46.515146 | avg: 0:00:02.420799
[45 of 50] LKQ
Saved: /home/qcx201/Projects/daytrade/data/chart/chart-lkq.json
Saved: /home/qcx201/Projects/daytrade/data/summary/summary-lkq.json
now: 2025-04-23 23:24:56.897973 | eta: 0:00:12.079645 | delta: 0:01:48.716801 | avg: 0:00:02.415929
[46 of 50] PNW
Saved: /home/qcx201/Projects/daytrade/data/chart/chart-pnw.json
Saved: /home/qcx201/Projects/daytrade/data/summary/summary-pnw.json
now: 2025-04-23 23:24:59.495784 | eta: 0:00:09.679532 | delta: 0:01:51.314612 | avg: 0:00:02.419883
[47 of 50] BG
Saved: /home/qcx201/Projects/daytrade/data/chart/chart-bg.json
Saved: /home/qcx201/Projects/daytrade/data/summary/summary-bg.json
now: 2025-04-23 23:25:01.801516 | eta: 0:00:07.252362 | delta: 0:01:53.620344 | avg: 0:00:02.417454
[48 of 50] CHRW
Saved: /home/qcx201/Projects/daytrade/data/chart/chart-chrw.json
Saved: /home/qcx201/Projects/daytrade/data/summary/summary-chrw.json
now: 2025-04-23 23:25:04.313798 | eta: 0:00:04.838860 | delta: 0:01:56.132626 | avg: 0:00:02.419430
[49 of 50] FOXA
Saved: /home/qcx201/Projects/daytrade/data/chart/chart-foxa.json
Saved: /home/qcx201/Projects/daytrade/data/summary/summary-foxa.json
now: 2025-04-23 23:25:06.098945 | eta: 0:00:02.406485 | delta: 0:01:57.917773 | avg: 0:00:02.406485
[50 of 50] JBHT
Saved: /home/qcx201/Projects/daytrade/data/chart/chart-jbht.json
Saved: /home/qcx201/Projects/daytrade/data/summary/summary-jbht.json
now: 2025-04-23 23:25:08.450992 | eta: 0:00:00 | delta: 0:02:00.269820 | avg: 0:00:02.405396
-- Complete --
