[1 of 50] TROW
Saved: /home/qcx201/Projects/daytrade/data/chart/chart-trow.json
Saved: /home/qcx201/Projects/daytrade/data/summary/summary-trow.json
now: 2025-04-23 23:23:10.599019 | eta: 0:01:59.062356 | delta: 0:00:02.429844 | avg: 0:00:02.429844
[2 of 50] IFF
Saved: /home/qcx201/Projects/daytrade/data/chart/chart-iff.json
Saved: /home/qcx201/Projects/daytrade/data/summary/summary-iff.json
now: 2025-04-23 23:23:13.580069 | eta: 0:02:09.861456 | delta: 0:00:05.410894 | avg: 0:00:02.705447
[3 of 50] MKC
Saved: /home/qcx201/Projects/daytrade/data/chart/chart-mkc.json
Saved: /home/qcx201/Projects/daytrade/data/summary/summary-mkc.json
now: 2025-04-23 23:23:16.591766 | eta: 0:02:11.953910 | delta: 0:00:08.422591 | avg: 0:00:02.807530
[4 of 50] SYF
Saved: /home/qcx201/Projects/daytrade/data/chart/chart-syf.json
Saved: /home/qcx201/Projects/daytrade/data/summary/summary-syf.json
now: 2025-04-23 23:23:18.722292 | eta: 0:02:01.360834 | delta: 0:00:10.553117 | avg: 0:00:02.638279
[5 of 50] EXPE
Saved: /home/qcx201/Projects/daytrade/data/chart/chart-expe.json
Saved: /home/qcx201/Projects/daytrade/data/summary/summary-expe.json
now: 2025-04-23 23:23:21.011842 | eta: 0:01:55.583985 | delta: 0:00:12.842667 | avg: 0:00:02.568533
[6 of 50] CCL
Saved: /home/qcx201/Projects/daytrade/data/chart/chart-ccl.json
Saved: /home/qcx201/Projects/daytrade/data/summary/summary-ccl.json
now: 2025-04-23 23:23:23.745608 | eta: 0:01:54.227168 | delta: 0:00:15.576433 | avg: 0:00:02.596072
[7 of 50] LDOS
Saved: /home/qcx201/Projects/daytrade/data/chart/chart-ldos.json
Saved: /home/qcx201/Projects/daytrade/data/summary/summary-ldos.json
now: 2025-04-23 23:23:26.101564 | eta: 0:01:50.156110 | delta: 0:00:17.932389 | avg: 0:00:02.561770
[8 of 50] CTRA
Saved: /home/qcx201/Projects/daytrade/data/chart/chart-ctra.json
Saved: /home/qcx201/Projects/daytrade/data/summary/summary-ctra.json
now: 2025-04-23 23:23:28.652642 | eta: 0:01:47.538186 | delta: 0:00:20.483467 | avg: 0:00:02.560433
[9 of 50] MAA
Saved: /home/qcx201/Projects/daytrade/data/chart/chart-maa.json
Saved: /home/qcx201/Projects/daytrade/data/summary/summary-maa.json
now: 2025-04-23 23:23:30.800640 | eta: 0:01:43.098887 | delta: 0:00:22.631465 | avg: 0:00:02.514607
[10 of 50] LH
Saved: /home/qcx201/Projects/daytrade/data/chart/chart-lh.json
Saved: /home/qcx201/Projects/daytrade/data/summary/summary-lh.json
now: 2025-04-23 23:23:33.367175 | eta: 0:01:40.792000 | delta: 0:00:25.198000 | avg: 0:00:02.519800
[11 of 50] WY
Saved: /home/qcx201/Projects/daytrade/data/chart/chart-wy.json
Saved: /home/qcx201/Projects/daytrade/data/summary/summary-wy.json
now: 2025-04-23 23:23:36.371051 | eta: 0:01:39.988473 | delta: 0:00:28.201876 | avg: 0:00:02.563807
[12 of 50] HUBB
Saved: /home/qcx201/Projects/daytrade/data/chart/chart-hubb.json
Saved: /home/qcx201/Projects/daytrade/data/summary/summary-hubb.json
now: 2025-04-23 23:23:39.289433 | eta: 0:01:38.547490 | delta: 0:00:31.120258 | avg: 0:00:02.593355
[13 of 50] NI
Saved: /home/qcx201/Projects/daytrade/data/chart/chart-ni.json
Saved: /home/qcx201/Projects/daytrade/data/summary/summary-ni.json
now: 2025-04-23 23:23:41.938409 | eta: 0:01:36.112421 | delta: 0:00:33.769234 | avg: 0:00:02.597633
[14 of 50] RF
Saved: /home/qcx201/Projects/daytrade/data/chart/chart-rf.json
Saved: /home/qcx201/Projects/daytrade/data/summary/summary-rf.json
now: 2025-04-23 23:23:44.540479 | eta: 0:01:33.526200 | delta: 0:00:36.371304 | avg: 0:00:02.597950
[15 of 50] HAL
Saved: /home/qcx201/Projects/daytrade/data/chart/chart-hal.json
Saved: /home/qcx201/Projects/daytrade/data/summary/summary-hal.json
now: 2025-04-23 23:23:47.418941 | eta: 0:01:31.582785 | delta: 0:00:39.249766 | avg: 0:00:02.616651
[16 of 50] LII
Saved: /home/qcx201/Projects/daytrade/data/chart/chart-lii.json
Saved: /home/qcx201/Projects/daytrade/data/summary/summary-lii.json
now: 2025-04-23 23:23:49.686901 | eta: 0:01:28.225172 | delta: 0:00:41.517726 | avg: 0:00:02.594858
[17 of 50] MOH
Saved: /home/qcx201/Projects/daytrade/data/chart/chart-moh.json
Saved: /home/qcx201/Projects/daytrade/data/summary/summary-moh.json
now: 2025-04-23 23:23:51.788627 | eta: 0:01:24.673050 | delta: 0:00:43.619452 | avg: 0:00:02.565850
[18 of 50] ESS
Saved: /home/qcx201/Projects/daytrade/data/chart/chart-ess.json
Saved: /home/qcx201/Projects/daytrade/data/summary/summary-ess.json
now: 2025-04-23 23:23:54.228412 | eta: 0:01:21.883072 | delta: 0:00:46.059237 | avg: 0:00:02.558846
[19 of 50] WBD
Saved: /home/qcx201/Projects/daytrade/data/chart/chart-wbd.json
Saved: /home/qcx201/Projects/daytrade/data/summary/summary-wbd.json
now: 2025-04-23 23:23:56.278363 | eta: 0:01:18.493953 | delta: 0:00:48.109188 | avg: 0:00:02.532063
[20 of 50] GPN
Saved: /home/qcx201/Projects/daytrade/data/chart/chart-gpn.json
Saved: /home/qcx201/Projects/daytrade/data/summary/summary-gpn.json
now: 2025-04-23 23:23:58.685552 | eta: 0:01:15.774570 | delta: 0:00:50.516377 | avg: 0:00:02.525819
[21 of 50] ULTA
Saved: /home/qcx201/Projects/daytrade/data/chart/chart-ulta.json
Saved: /home/qcx201/Projects/daytrade/data/summary/summary-ulta.json
now: 2025-04-23 23:24:00.751811 | eta: 0:01:12.614115 | delta: 0:00:52.582636 | avg: 0:00:02.503935
[22 of 50] NTRS
Saved: /home/qcx201/Projects/daytrade/data/chart/chart-ntrs.json
Saved: /home/qcx201/Projects/daytrade/data/summary/summary-ntrs.json
now: 2025-04-23 23:24:03.234528 | eta: 0:01:10.083188 | delta: 0:00:55.065353 | avg: 0:00:02.502971
[23 of 50] TSN
Saved: /home/qcx201/Projects/daytrade/data/chart/chart-tsn.json
Saved: /home/qcx201/Projects/daytrade/data/summary/summary-tsn.json
now: 2025-04-23 23:24:05.831872 | eta: 0:01:07.690998 | delta: 0:00:57.662697 | avg: 0:00:02.507074
[24 of 50] WSM
Saved: /home/qcx201/Projects/daytrade/data/chart/chart-wsm.json
Saved: /home/qcx201/Projects/daytrade/data/summary/summary-wsm.json
now: 2025-04-23 23:24:08.254149 | eta: 0:01:05.092066 | delta: 0:01:00.084974 | avg: 0:00:02.503541
[25 of 50] CLX
Saved: /home/qcx201/Projects/daytrade/data/chart/chart-clx.json
Saved: /home/qcx201/Projects/daytrade/data/summary/summary-clx.json
now: 2025-04-23 23:24:10.813987 | eta: 0:01:02.644800 | delta: 0:01:02.644812 | avg: 0:00:02.505792
[26 of 50] BIIB
Saved: /home/qcx201/Projects/daytrade/data/chart/chart-biib.json
Saved: /home/qcx201/Projects/daytrade/data/summary/summary-biib.json
now: 2025-04-23 23:24:13.210874 | eta: 0:01:00.038496 | delta: 0:01:05.041699 | avg: 0:00:02.501604
[27 of 50] PTC
Saved: /home/qcx201/Projects/daytrade/data/chart/chart-ptc.json
Saved: /home/qcx201/Projects/daytrade/data/summary/summary-ptc.json
now: 2025-04-23 23:24:15.596630 | eta: 0:00:57.438199 | delta: 0:01:07.427455 | avg: 0:00:02.497313
[28 of 50] PODD
Saved: /home/qcx201/Projects/daytrade/data/chart/chart-podd.json
Saved: /home/qcx201/Projects/daytrade/data/summary/summary-podd.json
now: 2025-04-23 23:24:17.773226 | eta: 0:00:54.688898 | delta: 0:01:09.604051 | avg: 0:00:02.485859
[29 of 50] DPZ
Saved: /home/qcx201/Projects/daytrade/data/chart/chart-dpz.json
Saved: /home/qcx201/Projects/daytrade/data/summary/summary-dpz.json
now: 2025-04-23 23:24:20.106523 | eta: 0:00:52.092558 | delta: 0:01:11.937348 | avg: 0:00:02.480598
[30 of 50] NTAP
Saved: /home/qcx201/Projects/daytrade/data/chart/chart-ntap.json
Saved: /home/qcx201/Projects/daytrade/data/summary/summary-ntap.json
now: 2025-04-23 23:24:22.864499 | eta: 0:00:49.796880 | delta: 0:01:14.695324 | avg: 0:00:02.489844
[31 of 50] DLTR
Saved: /home/qcx201/Projects/daytrade/data/chart/chart-dltr.json
Saved: /home/qcx201/Projects/daytrade/data/summary/summary-dltr.json
now: 2025-04-23 23:24:25.204474 | eta: 0:00:47.215190 | delta: 0:01:17.035299 | avg: 0:00:02.485010
[32 of 50] PKG
Saved: /home/qcx201/Projects/daytrade/data/chart/chart-pkg.json
Saved: /home/qcx201/Projects/daytrade/data/summary/summary-pkg.json
now: 2025-04-23 23:24:27.587696 | eta: 0:00:44.672922 | delta: 0:01:19.418521 | avg: 0:00:02.481829
[33 of 50] STLD
Saved: /home/qcx201/Projects/daytrade/data/chart/chart-stld.json
Saved: /home/qcx201/Projects/daytrade/data/summary/summary-stld.json
now: 2025-04-23 23:24:29.912020 | eta: 0:00:42.109952 | delta: 0:01:21.742845 | avg: 0:00:02.477056
[34 of 50] DECK
Saved: /home/qcx201/Projects/daytrade/data/chart/chart-deck.json
Saved: /home/qcx201/Projects/daytrade/data/summary/summary-deck.json
now: 2025-04-23 23:24:32.260333 | eta: 0:00:39.572304 | delta: 0:01:24.091158 | avg: 0:00:02.473269
[35 of 50] FDS
Saved: /home/qcx201/Projects/daytrade/data/chart/chart-fds.json
Saved: /home/qcx201/Projects/daytrade/data/summary/summary-fds.json
now: 2025-04-23 23:24:34.775227 | eta: 0:00:37.116885 | delta: 0:01:26.606052 | avg: 0:00:02.474459
[36 of 50] GPC
Saved: /home/qcx201/Projects/daytrade/data/chart/chart-gpc.json
Saved: /home/qcx201/Projects/daytrade/data/summary/summary-gpc.json
now: 2025-04-23 23:24:37.297300 | eta: 0:00:34.660934 | delta: 0:01:29.128125 | avg: 0:00:02.475781
[37 of 50] STX
Saved: /home/qcx201/Projects/daytrade/data/chart/chart-stx.json
Saved: /home/qcx201/Projects/daytrade/data/summary/summary-stx.json
now: 2025-04-23 23:24:39.608188 | eta: 0:00:32.127225 | delta: 0:01:31.439013 | avg: 0:00:02.471325
[38 of 50] COO
Saved: /home/qcx201/Projects/daytrade/data/chart/chart-coo.json
Saved: /home/qcx201/Projects/daytrade/data/summary/summary-coo.json
now: 2025-04-23 23:24:42.180428 | eta: 0:00:29.687760 | delta: 0:01:34.011253 | avg: 0:00:02.473980
[39 of 50] SNA
Saved: /home/qcx201/Projects/daytrade/data/chart/chart-sna.json
Saved: /home/qcx201/Projects/daytrade/data/summary/summary-sna.json
now: 2025-04-23 23:24:44.854120 | eta: 0:00:27.270111 | delta: 0:01:36.684945 | avg: 0:00:02.479101
[40 of 50] LNT
Saved: /home/qcx201/Projects/daytrade/data/chart/chart-lnt.json
Saved: /home/qcx201/Projects/daytrade/data/summary/summary-lnt.json
now: 2025-04-23 23:24:47.332061 | eta: 0:00:24.790720 | delta: 0:01:39.162886 | avg: 0:00:02.479072
[41 of 50] ROL
Saved: /home/qcx201/Projects/daytrade/data/chart/chart-rol.json
Saved: /home/qcx201/Projects/daytrade/data/summary/summary-rol.json
now: 2025-04-23 23:24:49.748130 | eta: 0:00:22.297815 | delta: 0:01:41.578955 | avg: 0:00:02.477535
[42 of 50] EVRG
Saved: /home/qcx201/Projects/daytrade/data/chart/chart-evrg.json
Saved: /home/qcx201/Projects/daytrade/data/summary/summary-evrg.json
now: 2025-04-23 23:24:52.241599 | eta: 0:00:19.823320 | delta: 0:01:44.072424 | avg: 0:00:02.477915
[43 of 50] CFG
Saved: /home/qcx201/Projects/daytrade/data/chart/chart-cfg.json
Saved: /home/qcx201/Projects/daytrade/data/summary/summary-cfg.json
now: 2025-04-23 23:24:54.466649 | eta: 0:00:17.304238 | delta: 0:01:46.297474 | avg: 0:00:02.472034
[44 of 50] WST
Saved: /home/qcx201/Projects/daytrade/data/chart/chart-wst.json
Saved: /home/qcx201/Projects/daytrade/data/summary/summary-wst.json
now: 2025-04-23 23:24:56.992304 | eta: 0:00:14.839518 | delta: 0:01:48.823129 | avg: 0:00:02.473253
[45 of 50] SMCI
Saved: /home/qcx201/Projects/daytrade/data/chart/chart-smci.json
Saved: /home/qcx201/Projects/daytrade/data/summary/summary-smci.json
now: 2025-04-23 23:24:59.279983 | eta: 0:00:12.345645 | delta: 0:01:51.110808 | avg: 0:00:02.469129
[46 of 50] EG
Saved: /home/qcx201/Projects/daytrade/data/chart/chart-eg.json
Saved: /home/qcx201/Projects/daytrade/data/summary/summary-eg.json
now: 2025-04-23 23:25:01.512729 | eta: 0:00:09.855960 | delta: 0:01:53.343554 | avg: 0:00:02.463990
[47 of 50] PFG
Saved: /home/qcx201/Projects/daytrade/data/chart/chart-pfg.json
Saved: /home/qcx201/Projects/daytrade/data/summary/summary-pfg.json
now: 2025-04-23 23:25:04.050444 | eta: 0:00:07.396677 | delta: 0:01:55.881269 | avg: 0:00:02.465559
[48 of 50] L
Saved: /home/qcx201/Projects/daytrade/data/chart/chart-l.json
Saved: /home/qcx201/Projects/daytrade/data/summary/summary-l.json
now: 2025-04-23 23:25:06.450212 | eta: 0:00:04.928376 | delta: 0:01:58.281037 | avg: 0:00:02.464188
[49 of 50] LYB
Saved: /home/qcx201/Projects/daytrade/data/chart/chart-lyb.json
Saved: /home/qcx201/Projects/daytrade/data/summary/summary-lyb.json
now: 2025-04-23 23:25:08.725218 | eta: 0:00:02.460327 | delta: 0:02:00.556043 | avg: 0:00:02.460327
[50 of 50] EXPD
Saved: /home/qcx201/Projects/daytrade/data/chart/chart-expd.json
Saved: /home/qcx201/Projects/daytrade/data/summary/summary-expd.json
now: 2025-04-23 23:25:11.352108 | eta: 0:00:00 | delta: 0:02:03.182933 | avg: 0:00:02.463659
-- Complete --
