[1 of 50] RJF
Saved: /home/qcx201/Projects/daytrade/data/chart/chart-rjf.json
Saved: /home/qcx201/Projects/daytrade/data/summary/summary-rjf.json
now: 2025-04-23 23:23:10.710005 | eta: 0:02:03.997538 | delta: 0:00:02.530562 | avg: 0:00:02.530562
[2 of 50] MPWR
Saved: /home/qcx201/Projects/daytrade/data/chart/chart-mpwr.json
Saved: /home/qcx201/Projects/daytrade/data/summary/summary-mpwr.json
now: 2025-04-23 23:23:14.091264 | eta: 0:02:21.883680 | delta: 0:00:05.911821 | avg: 0:00:02.955910
[3 of 50] IP
Saved: /home/qcx201/Projects/daytrade/data/chart/chart-ip.json
Saved: /home/qcx201/Projects/daytrade/data/summary/summary-ip.json
now: 2025-04-23 23:23:16.859733 | eta: 0:02:15.991210 | delta: 0:00:08.680290 | avg: 0:00:02.893430
[4 of 50] IRM
Saved: /home/qcx201/Projects/daytrade/data/chart/chart-irm.json
Saved: /home/qcx201/Projects/daytrade/data/summary/summary-irm.json
now: 2025-04-23 23:23:19.231541 | eta: 0:02:07.099104 | delta: 0:00:11.052098 | avg: 0:00:02.763024
[5 of 50] CNP
Saved: /home/qcx201/Projects/daytrade/data/chart/chart-cnp.json
Saved: /home/qcx201/Projects/daytrade/data/summary/summary-cnp.json
now: 2025-04-23 23:23:22.362911 | eta: 0:02:07.651230 | delta: 0:00:14.183468 | avg: 0:00:02.836694
[6 of 50] STT
Saved: /home/qcx201/Projects/daytrade/data/chart/chart-stt.json
Saved: /home/qcx201/Projects/daytrade/data/summary/summary-stt.json
now: 2025-04-23 23:23:24.817188 | eta: 0:02:02.010152 | delta: 0:00:16.637745 | avg: 0:00:02.772958
[7 of 50] TYL
Saved: /home/qcx201/Projects/daytrade/data/chart/chart-tyl.json
Saved: /home/qcx201/Projects/daytrade/data/summary/summary-tyl.json
now: 2025-04-23 23:23:26.990854 | eta: 0:01:55.555792 | delta: 0:00:18.811411 | avg: 0:00:02.687344
[8 of 50] IQV
Saved: /home/qcx201/Projects/daytrade/data/chart/chart-iqv.json
Saved: /home/qcx201/Projects/daytrade/data/summary/summary-iqv.json
now: 2025-04-23 23:23:28.980260 | eta: 0:01:49.204284 | delta: 0:00:20.800817 | avg: 0:00:02.600102
[9 of 50] GDDY
Saved: /home/qcx201/Projects/daytrade/data/chart/chart-gddy.json
Saved: /home/qcx201/Projects/daytrade/data/summary/summary-gddy.json
now: 2025-04-23 23:23:31.064554 | eta: 0:01:44.254390 | delta: 0:00:22.885111 | avg: 0:00:02.542790
[10 of 50] DRI
Saved: /home/qcx201/Projects/daytrade/data/chart/chart-dri.json
Saved: /home/qcx201/Projects/daytrade/data/summary/summary-dri.json
now: 2025-04-23 23:23:33.617720 | eta: 0:01:41.753120 | delta: 0:00:25.438277 | avg: 0:00:02.543828
[11 of 50] PPG
Saved: /home/qcx201/Projects/daytrade/data/chart/chart-ppg.json
Saved: /home/qcx201/Projects/daytrade/data/summary/summary-ppg.json
now: 2025-04-23 23:23:36.042835 | eta: 0:01:38.788404 | delta: 0:00:27.863392 | avg: 0:00:02.533036
[12 of 50] EQR
Saved: /home/qcx201/Projects/daytrade/data/chart/chart-eqr.json
Saved: /home/qcx201/Projects/daytrade/data/summary/summary-eqr.json
now: 2025-04-23 23:23:38.294890 | eta: 0:01:35.365598 | delta: 0:00:30.115447 | avg: 0:00:02.509621
[13 of 50] KEYS
Saved: /home/qcx201/Projects/daytrade/data/chart/chart-keys.json
Saved: /home/qcx201/Projects/daytrade/data/summary/summary-keys.json
now: 2025-04-23 23:23:40.082635 | eta: 0:01:30.801404 | delta: 0:00:31.903192 | avg: 0:00:02.454092
[14 of 50] FITB
Saved: /home/qcx201/Projects/daytrade/data/chart/chart-fitb.json
Saved: /home/qcx201/Projects/daytrade/data/summary/summary-fitb.json
now: 2025-04-23 23:23:42.659212 | eta: 0:01:28.662276 | delta: 0:00:34.479769 | avg: 0:00:02.462841
[15 of 50] ADM
Saved: /home/qcx201/Projects/daytrade/data/chart/chart-adm.json
Saved: /home/qcx201/Projects/daytrade/data/summary/summary-adm.json
now: 2025-04-23 23:23:45.338657 | eta: 0:01:26.704835 | delta: 0:00:37.159214 | avg: 0:00:02.477281
[16 of 50] HPQ
Saved: /home/qcx201/Projects/daytrade/data/chart/chart-hpq.json
Saved: /home/qcx201/Projects/daytrade/data/summary/summary-hpq.json
now: 2025-04-23 23:23:48.200728 | eta: 0:01:25.045220 | delta: 0:00:40.021285 | avg: 0:00:02.501330
[17 of 50] FTV
Saved: /home/qcx201/Projects/daytrade/data/chart/chart-ftv.json
Saved: /home/qcx201/Projects/daytrade/data/summary/summary-ftv.json
now: 2025-04-23 23:23:50.280428 | eta: 0:01:21.725457 | delta: 0:00:42.100985 | avg: 0:00:02.476529
[18 of 50] DOV
Saved: /home/qcx201/Projects/daytrade/data/chart/chart-dov.json
Saved: /home/qcx201/Projects/daytrade/data/summary/summary-dov.json
now: 2025-04-23 23:23:53.070356 | eta: 0:01:19.806080 | delta: 0:00:44.890913 | avg: 0:00:02.493940
[19 of 50] EIX
Saved: /home/qcx201/Projects/daytrade/data/chart/chart-eix.json
Saved: /home/qcx201/Projects/daytrade/data/summary/summary-eix.json
now: 2025-04-23 23:23:55.668286 | eta: 0:01:17.481803 | delta: 0:00:47.488843 | avg: 0:00:02.499413
[20 of 50] CBOE
Saved: /home/qcx201/Projects/daytrade/data/chart/chart-cboe.json
Saved: /home/qcx201/Projects/daytrade/data/summary/summary-cboe.json
now: 2025-04-23 23:23:57.761966 | eta: 0:01:14.373780 | delta: 0:00:49.582523 | avg: 0:00:02.479126
[21 of 50] K
Saved: /home/qcx201/Projects/daytrade/data/chart/chart-k.json
Saved: /home/qcx201/Projects/daytrade/data/summary/summary-k.json
now: 2025-04-23 23:24:00.707355 | eta: 0:01:12.538541 | delta: 0:00:52.527912 | avg: 0:00:02.501329
[22 of 50] VLTO
Saved: /home/qcx201/Projects/daytrade/data/chart/chart-vlto.json
Saved: /home/qcx201/Projects/daytrade/data/summary/summary-vlto.json
now: 2025-04-23 23:24:02.545979 | eta: 0:01:09.193768 | delta: 0:00:54.366536 | avg: 0:00:02.471206
[23 of 50] UAL
Saved: /home/qcx201/Projects/daytrade/data/chart/chart-ual.json
Saved: /home/qcx201/Projects/daytrade/data/summary/summary-ual.json
now: 2025-04-23 23:24:04.738890 | eta: 0:01:06.395862 | delta: 0:00:56.559447 | avg: 0:00:02.459106
[24 of 50] CMS
Saved: /home/qcx201/Projects/daytrade/data/chart/chart-cms.json
Saved: /home/qcx201/Projects/daytrade/data/summary/summary-cms.json
now: 2025-04-23 23:24:07.552577 | eta: 0:01:04.320906 | delta: 0:00:59.373134 | avg: 0:00:02.473881
[25 of 50] STE
Saved: /home/qcx201/Projects/daytrade/data/chart/chart-ste.json
Saved: /home/qcx201/Projects/daytrade/data/summary/summary-ste.json
now: 2025-04-23 23:24:09.921082 | eta: 0:01:01.741650 | delta: 0:01:01.741639 | avg: 0:00:02.469666
[26 of 50] FE
Saved: /home/qcx201/Projects/daytrade/data/chart/chart-fe.json
Saved: /home/qcx201/Projects/daytrade/data/summary/summary-fe.json
now: 2025-04-23 23:24:12.368738 | eta: 0:00:59.251656 | delta: 0:01:04.189295 | avg: 0:00:02.468819
[27 of 50] EXE
Saved: /home/qcx201/Projects/daytrade/data/chart/chart-exe.json
Saved: /home/qcx201/Projects/daytrade/data/summary/summary-exe.json
now: 2025-04-23 23:24:14.217455 | eta: 0:00:56.254596 | delta: 0:01:06.038012 | avg: 0:00:02.445852
[28 of 50] MCHP
Saved: /home/qcx201/Projects/daytrade/data/chart/chart-mchp.json
Saved: /home/qcx201/Projects/daytrade/data/summary/summary-mchp.json
now: 2025-04-23 23:24:16.748470 | eta: 0:00:53.875668 | delta: 0:01:08.569027 | avg: 0:00:02.448894
[29 of 50] TDY
Saved: /home/qcx201/Projects/daytrade/data/chart/chart-tdy.json
Saved: /home/qcx201/Projects/daytrade/data/summary/summary-tdy.json
now: 2025-04-23 23:24:19.102660 | eta: 0:00:51.358188 | delta: 0:01:10.923217 | avg: 0:00:02.445628
[30 of 50] NVR
Saved: /home/qcx201/Projects/daytrade/data/chart/chart-nvr.json
Saved: /home/qcx201/Projects/daytrade/data/summary/summary-nvr.json
now: 2025-04-23 23:24:21.273983 | eta: 0:00:48.729700 | delta: 0:01:13.094540 | avg: 0:00:02.436485
[31 of 50] CPAY
Saved: /home/qcx201/Projects/daytrade/data/chart/chart-cpay.json
Saved: /home/qcx201/Projects/daytrade/data/summary/summary-cpay.json
now: 2025-04-23 23:24:23.290777 | eta: 0:00:46.035974 | delta: 0:01:15.111334 | avg: 0:00:02.422946
[32 of 50] WRB
Saved: /home/qcx201/Projects/daytrade/data/chart/chart-wrb.json
Saved: /home/qcx201/Projects/daytrade/data/summary/summary-wrb.json
now: 2025-04-23 23:24:26.020084 | eta: 0:00:43.785360 | delta: 0:01:17.840641 | avg: 0:00:02.432520
[33 of 50] ES
Saved: /home/qcx201/Projects/daytrade/data/chart/chart-es.json
Saved: /home/qcx201/Projects/daytrade/data/summary/summary-es.json
now: 2025-04-23 23:24:28.828037 | eta: 0:00:41.546249 | delta: 0:01:20.648594 | avg: 0:00:02.443897
[34 of 50] DG
Saved: /home/qcx201/Projects/daytrade/data/chart/chart-dg.json
Saved: /home/qcx201/Projects/daytrade/data/summary/summary-dg.json
now: 2025-04-23 23:24:30.923359 | eta: 0:00:38.938320 | delta: 0:01:22.743916 | avg: 0:00:02.433645
[35 of 50] MTD
Saved: /home/qcx201/Projects/daytrade/data/chart/chart-mtd.json
Saved: /home/qcx201/Projects/daytrade/data/summary/summary-mtd.json
now: 2025-04-23 23:24:33.094420 | eta: 0:00:36.392130 | delta: 0:01:24.914977 | avg: 0:00:02.426142
[36 of 50] CINF
Saved: /home/qcx201/Projects/daytrade/data/chart/chart-cinf.json
Saved: /home/qcx201/Projects/daytrade/data/summary/summary-cinf.json
now: 2025-04-23 23:24:35.507656 | eta: 0:00:33.960976 | delta: 0:01:27.328213 | avg: 0:00:02.425784
[37 of 50] SW
Saved: /home/qcx201/Projects/daytrade/data/chart/chart-sw.json
Saved: /home/qcx201/Projects/daytrade/data/summary/summary-sw.json
now: 2025-04-23 23:24:37.102511 | eta: 0:00:31.243238 | delta: 0:01:28.923068 | avg: 0:00:02.403326
[38 of 50] DVN
Saved: /home/qcx201/Projects/daytrade/data/chart/chart-dvn.json
Saved: /home/qcx201/Projects/daytrade/data/summary/summary-dvn.json
now: 2025-04-23 23:24:39.756664 | eta: 0:00:28.919124 | delta: 0:01:31.577221 | avg: 0:00:02.409927
[39 of 50] PHM
Saved: /home/qcx201/Projects/daytrade/data/chart/chart-phm.json
Saved: /home/qcx201/Projects/daytrade/data/summary/summary-phm.json
now: 2025-04-23 23:24:42.415015 | eta: 0:00:26.579267 | delta: 0:01:34.235572 | avg: 0:00:02.416297
[40 of 50] DOW
Saved: /home/qcx201/Projects/daytrade/data/chart/chart-dow.json
Saved: /home/qcx201/Projects/daytrade/data/summary/summary-dow.json
now: 2025-04-23 23:24:44.529839 | eta: 0:00:24.087600 | delta: 0:01:36.350396 | avg: 0:00:02.408760
[41 of 50] CDW
Saved: /home/qcx201/Projects/daytrade/data/chart/chart-cdw.json
Saved: /home/qcx201/Projects/daytrade/data/summary/summary-cdw.json
now: 2025-04-23 23:24:46.487358 | eta: 0:00:21.579786 | delta: 0:01:38.307915 | avg: 0:00:02.397754
[42 of 50] HBAN
Saved: /home/qcx201/Projects/daytrade/data/chart/chart-hban.json
Saved: /home/qcx201/Projects/daytrade/data/summary/summary-hban.json
now: 2025-04-23 23:24:49.154958 | eta: 0:00:19.233432 | delta: 0:01:40.975515 | avg: 0:00:02.404179
[43 of 50] VRSN
Saved: /home/qcx201/Projects/daytrade/data/chart/chart-vrsn.json
Saved: /home/qcx201/Projects/daytrade/data/summary/summary-vrsn.json
now: 2025-04-23 23:24:51.350289 | eta: 0:00:16.795254 | delta: 0:01:43.170846 | avg: 0:00:02.399322
[44 of 50] LYV
Saved: /home/qcx201/Projects/daytrade/data/chart/chart-lyv.json
Saved: /home/qcx201/Projects/daytrade/data/summary/summary-lyv.json
now: 2025-04-23 23:24:53.251025 | eta: 0:00:14.327940 | delta: 0:01:45.071582 | avg: 0:00:02.387990
[45 of 50] NRG
Saved: /home/qcx201/Projects/daytrade/data/chart/chart-nrg.json
Saved: /home/qcx201/Projects/daytrade/data/summary/summary-nrg.json
now: 2025-04-23 23:24:55.470962 | eta: 0:00:11.921280 | delta: 0:01:47.291519 | avg: 0:00:02.384256
[46 of 50] HPE
Saved: /home/qcx201/Projects/daytrade/data/chart/chart-hpe.json
Saved: /home/qcx201/Projects/daytrade/data/summary/summary-hpe.json
now: 2025-04-23 23:24:57.313774 | eta: 0:00:09.489940 | delta: 0:01:49.134331 | avg: 0:00:02.372485
[47 of 50] WAT
Saved: /home/qcx201/Projects/daytrade/data/chart/chart-wat.json
Saved: /home/qcx201/Projects/daytrade/data/summary/summary-wat.json
now: 2025-04-23 23:24:59.521947 | eta: 0:00:07.106967 | delta: 0:01:51.342504 | avg: 0:00:02.368989
[48 of 50] INVH
Saved: /home/qcx201/Projects/daytrade/data/chart/chart-invh.json
Saved: /home/qcx201/Projects/daytrade/data/summary/summary-invh.json
now: 2025-04-23 23:25:01.545591 | eta: 0:00:04.723590 | delta: 0:01:53.366148 | avg: 0:00:02.361795
[49 of 50] ZBH
Saved: /home/qcx201/Projects/daytrade/data/chart/chart-zbh.json
Saved: /home/qcx201/Projects/daytrade/data/summary/summary-zbh.json
now: 2025-04-23 23:25:03.955521 | eta: 0:00:02.362777 | delta: 0:01:55.776078 | avg: 0:00:02.362777
[50 of 50] DGX
Saved: /home/qcx201/Projects/daytrade/data/chart/chart-dgx.json
Saved: /home/qcx201/Projects/daytrade/data/summary/summary-dgx.json
now: 2025-04-23 23:25:06.424806 | eta: 0:00:00 | delta: 0:01:58.245363 | avg: 0:00:02.364907
-- Complete --
